2025-02-09 20:25:09.677 | INFO     | __main__:run:119 - Bot başlatılıyor...
2025-02-09 20:25:12.310 | INFO     | __main__:like_post:81 - Gönderi beğenildi: 771667992364908544
2025-02-09 20:25:45.098 | INFO     | __main__:like_post:81 - Gönderi beğenildi: 775023502471397376
2025-02-09 20:25:57.248 | INFO     | __main__:run:131 - Bot durduruldu
2025-02-09 20:35:39.483 | INFO     | __main__:run:156 - Bot başlatılıyor...
2025-02-09 20:35:42.111 | INFO     | __main__:like_post:113 - Gönderi beğenildi: 771667992364908544
2025-02-09 20:35:52.169 | INFO     | __main__:run:171 - Bot durduruldu
2025-02-09 20:38:16.274 | INFO     | __main__:run:166 - Bot başlatılıyor...
2025-02-09 20:38:18.883 | INFO     | __main__:like_post:121 - Gönderi beğenildi: 771667992364908544
2025-02-09 20:38:23.888 | INFO     | __main__:run:181 - Bot durduruldu
2025-02-09 20:58:17.667 | INFO     | tumblr_bot:run:179 - Bot başlatılıyor...
2025-02-09 20:58:17.690 | ERROR    | tumblr_bot:process_tag:174 - Etiket işleme hatası: Only unicode objects are escapable. Got None of type <class 'NoneType'>.
2025-02-09 20:58:17.690 | INFO     | tumblr_bot:run:197 - Dinlenme moduna geçiliyor (3600 saniye)
2025-02-09 21:00:57.233 | INFO     | tumblr_bot:run:212 - Bot başlatılıyor...
2025-02-09 21:00:57.239 | INFO     | tumblr_bot:process_tag:151 - 'aile' etiketi işleniyor... (encoded: aile)
2025-02-09 21:00:57.240 | ERROR    | tumblr_bot:process_tag:207 - Etiket işleme hatası (aile): Only unicode objects are escapable. Got None of type <class 'NoneType'>.
2025-02-09 21:00:57.240 | INFO     | tumblr_bot:run:230 - Dinlenme moduna geçiliyor (3600 saniye)
2025-02-09 21:02:12.282 | DEBUG    | tumblr_bot:setup_client:71 - consumer_key: 6v9zP...
2025-02-09 21:02:12.283 | DEBUG    | tumblr_bot:setup_client:71 - consumer_secret: o1HTP...
2025-02-09 21:02:12.283 | DEBUG    | tumblr_bot:setup_client:71 - oauth_token: TtNyM...
2025-02-09 21:02:12.284 | DEBUG    | tumblr_bot:setup_client:71 - oauth_secret: k1aKV...
2025-02-09 21:02:13.586 | INFO     | tumblr_bot:setup_client:84 - API bağlantısı başarılı! Kullanıcı: thrasherq
2025-02-09 21:02:16.088 | INFO     | tumblr_bot:run:244 - Bot başlatılıyor...
2025-02-09 21:02:16.093 | INFO     | tumblr_bot:process_tag:175 - 'aile' etiketi işleniyor... (encoded: aile)
2025-02-09 21:02:17.499 | DEBUG    | tumblr_bot:process_tag:222 - Not sayısı yetersiz: 0
2025-02-09 21:02:17.500 | DEBUG    | tumblr_bot:process_tag:222 - Not sayısı yetersiz: 0
2025-02-09 21:02:17.501 | DEBUG    | tumblr_bot:process_tag:222 - Not sayısı yetersiz: 0
2025-02-09 21:02:17.501 | DEBUG    | tumblr_bot:process_tag:222 - Not sayısı yetersiz: 1
2025-02-09 21:02:17.502 | DEBUG    | tumblr_bot:process_tag:222 - Not sayısı yetersiz: 1
2025-02-09 21:02:17.503 | DEBUG    | tumblr_bot:process_tag:222 - Not sayısı yetersiz: 0
2025-02-09 21:02:17.504 | DEBUG    | tumblr_bot:process_tag:222 - Not sayısı yetersiz: 0
2025-02-09 21:02:17.505 | DEBUG    | tumblr_bot:process_tag:222 - Not sayısı yetersiz: 0
2025-02-09 21:02:17.506 | DEBUG    | tumblr_bot:process_tag:222 - Not sayısı yetersiz: 1
2025-02-09 21:02:17.507 | DEBUG    | tumblr_bot:process_tag:222 - Not sayısı yetersiz: 1
2025-02-09 21:02:17.508 | DEBUG    | tumblr_bot:process_tag:222 - Not sayısı yetersiz: 3
2025-02-09 21:02:17.509 | DEBUG    | tumblr_bot:process_tag:222 - Not sayısı yetersiz: 0
2025-02-09 21:02:17.510 | DEBUG    | tumblr_bot:process_tag:222 - Not sayısı yetersiz: 1
2025-02-09 21:02:17.510 | DEBUG    | tumblr_bot:process_tag:222 - Not sayısı yetersiz: 0
2025-02-09 21:02:17.512 | DEBUG    | tumblr_bot:process_tag:222 - Not sayısı yetersiz: 0
2025-02-09 21:02:17.513 | DEBUG    | tumblr_bot:process_tag:222 - Not sayısı yetersiz: 0
2025-02-09 21:02:17.514 | DEBUG    | tumblr_bot:process_tag:222 - Not sayısı yetersiz: 0
2025-02-09 21:02:17.515 | DEBUG    | tumblr_bot:process_tag:222 - Not sayısı yetersiz: 1
2025-02-09 21:02:17.516 | DEBUG    | tumblr_bot:process_tag:222 - Not sayısı yetersiz: 2
2025-02-09 21:02:18.647 | INFO     | tumblr_bot:like_post:153 - Gönderi beğenildi: 771667992364908544
2025-02-09 21:02:48.649 | INFO     | tumblr_bot:process_tag:235 - 'aile' etiketi için 1 gönderi işlendi
2025-02-09 21:02:48.650 | INFO     | tumblr_bot:process_tag:175 - 'postlarım' etiketi işleniyor... (encoded: postlar%C4%B1m)
2025-02-09 21:02:49.992 | WARNING  | tumblr_bot:process_tag:190 - 'postlarım' etiketi için gönderi bulunamadı
2025-02-09 21:02:49.993 | INFO     | tumblr_bot:process_tag:175 - 'postlarim' etiketi işleniyor... (encoded: postlarim)
2025-02-09 21:02:52.021 | DEBUG    | tumblr_bot:process_tag:222 - Not sayısı yetersiz: 1
2025-02-09 21:02:52.023 | DEBUG    | tumblr_bot:process_tag:222 - Not sayısı yetersiz: 1
2025-02-09 21:02:52.024 | DEBUG    | tumblr_bot:process_tag:222 - Not sayısı yetersiz: 1
2025-02-09 21:02:52.024 | DEBUG    | tumblr_bot:process_tag:222 - Not sayısı yetersiz: 4
2025-02-09 21:02:52.025 | DEBUG    | tumblr_bot:process_tag:222 - Not sayısı yetersiz: 2
2025-02-09 21:02:52.026 | DEBUG    | tumblr_bot:process_tag:222 - Not sayısı yetersiz: 1
2025-02-09 21:02:53.333 | INFO     | tumblr_bot:like_post:153 - Gönderi beğenildi: 775023502471397376
2025-02-09 21:03:23.335 | DEBUG    | tumblr_bot:process_tag:222 - Not sayısı yetersiz: 1
2025-02-09 21:03:26.359 | INFO     | tumblr_bot:like_post:153 - Gönderi beğenildi: 775018945134657536
2025-02-09 21:03:56.365 | DEBUG    | tumblr_bot:process_tag:222 - Not sayısı yetersiz: 1
2025-02-09 21:03:59.532 | DEBUG    | tumblr_bot:setup_client:71 - consumer_key: 6v9zP...
2025-02-09 21:03:59.533 | DEBUG    | tumblr_bot:setup_client:71 - consumer_secret: o1HTP...
2025-02-09 21:03:59.534 | DEBUG    | tumblr_bot:setup_client:71 - oauth_token: TtNyM...
2025-02-09 21:03:59.535 | DEBUG    | tumblr_bot:setup_client:71 - oauth_secret: k1aKV...
2025-02-09 21:04:00.694 | INFO     | tumblr_bot:setup_client:84 - API bağlantısı başarılı! Kullanıcı: thrasherq
2025-02-09 21:09:44.111 | DEBUG    | tumblr_bot:setup_client:71 - consumer_key: 6v9zP...
2025-02-09 21:09:44.112 | DEBUG    | tumblr_bot:setup_client:71 - consumer_secret: o1HTP...
2025-02-09 21:09:44.113 | DEBUG    | tumblr_bot:setup_client:71 - oauth_token: TtNyM...
2025-02-09 21:09:44.114 | DEBUG    | tumblr_bot:setup_client:71 - oauth_secret: k1aKV...
2025-02-09 21:09:45.603 | INFO     | tumblr_bot:setup_client:84 - API bağlantısı başarılı! Kullanıcı: thrasherq
2025-02-09 21:11:32.455 | DEBUG    | tumblr_bot:setup_client:71 - consumer_key: 6v9zP...
2025-02-09 21:11:32.461 | DEBUG    | tumblr_bot:setup_client:71 - consumer_secret: o1HTP...
2025-02-09 21:11:32.462 | DEBUG    | tumblr_bot:setup_client:71 - oauth_token: TtNyM...
2025-02-09 21:11:32.468 | DEBUG    | tumblr_bot:setup_client:71 - oauth_secret: k1aKV...
2025-02-09 21:11:34.024 | INFO     | tumblr_bot:setup_client:84 - API bağlantısı başarılı! Kullanıcı: thrasherq
2025-02-09 22:15:10.849 | DEBUG    | tumblr_bot:setup_client:71 - consumer_key: 6v9zP...
2025-02-09 22:15:10.948 | DEBUG    | tumblr_bot:setup_client:71 - consumer_secret: o1HTP...
2025-02-09 22:15:10.949 | DEBUG    | tumblr_bot:setup_client:71 - oauth_token: TtNyM...
2025-02-09 22:15:10.950 | DEBUG    | tumblr_bot:setup_client:71 - oauth_secret: k1aKV...
2025-02-09 22:15:12.286 | INFO     | tumblr_bot:setup_client:84 - API bağlantısı başarılı! Kullanıcı: thrasherq
2025-02-09 22:24:07.795 | DEBUG    | tumblr_bot:setup_client:71 - consumer_key: 6v9zP...
2025-02-09 22:24:07.796 | DEBUG    | tumblr_bot:setup_client:71 - consumer_secret: o1HTP...
2025-02-09 22:24:07.796 | DEBUG    | tumblr_bot:setup_client:71 - oauth_token: TtNyM...
2025-02-09 22:24:07.797 | DEBUG    | tumblr_bot:setup_client:71 - oauth_secret: k1aKV...
2025-02-09 22:24:09.050 | INFO     | tumblr_bot:setup_client:84 - API bağlantısı başarılı! Kullanıcı: thrasherq
2025-02-09 22:25:48.087 | DEBUG    | tumblr_bot:setup_client:71 - consumer_key: 6v9zP...
2025-02-09 22:25:48.088 | DEBUG    | tumblr_bot:setup_client:71 - consumer_secret: o1HTP...
2025-02-09 22:25:48.089 | DEBUG    | tumblr_bot:setup_client:71 - oauth_token: TtNyM...
2025-02-09 22:25:48.090 | DEBUG    | tumblr_bot:setup_client:71 - oauth_secret: k1aKV...
2025-02-09 22:25:49.316 | INFO     | tumblr_bot:setup_client:84 - API bağlantısı başarılı! Kullanıcı: thrasherq
2025-02-09 22:27:16.936 | DEBUG    | tumblr_bot:setup_client:71 - consumer_key: 6v9zP...
2025-02-09 22:27:16.937 | DEBUG    | tumblr_bot:setup_client:71 - consumer_secret: o1HTP...
2025-02-09 22:27:16.937 | DEBUG    | tumblr_bot:setup_client:71 - oauth_token: TtNyM...
2025-02-09 22:27:16.938 | DEBUG    | tumblr_bot:setup_client:71 - oauth_secret: k1aKV...
2025-02-09 22:27:18.152 | INFO     | tumblr_bot:setup_client:84 - API bağlantısı başarılı! Kullanıcı: thrasherq
2025-02-09 22:28:17.752 | DEBUG    | tumblr_bot:setup_client:71 - consumer_key: 6v9zP...
2025-02-09 22:28:17.753 | DEBUG    | tumblr_bot:setup_client:71 - consumer_secret: o1HTP...
2025-02-09 22:28:17.754 | DEBUG    | tumblr_bot:setup_client:71 - oauth_token: TtNyM...
2025-02-09 22:28:17.754 | DEBUG    | tumblr_bot:setup_client:71 - oauth_secret: k1aKV...
2025-02-09 22:28:19.174 | INFO     | tumblr_bot:setup_client:84 - API bağlantısı başarılı! Kullanıcı: thrasherq
2025-02-09 22:30:15.968 | DEBUG    | tumblr_bot:setup_client:71 - consumer_key: 6v9zP...
2025-02-09 22:30:15.969 | DEBUG    | tumblr_bot:setup_client:71 - consumer_secret: o1HTP...
2025-02-09 22:30:15.970 | DEBUG    | tumblr_bot:setup_client:71 - oauth_token: TtNyM...
2025-02-09 22:30:15.970 | DEBUG    | tumblr_bot:setup_client:71 - oauth_secret: k1aKV...
2025-02-09 22:30:17.328 | INFO     | tumblr_bot:setup_client:84 - API bağlantısı başarılı! Kullanıcı: thrasherq
2025-02-09 22:33:03.533 | DEBUG    | tumblr_bot:setup_client:74 - consumer_key: 6v9zP...
2025-02-09 22:33:03.534 | DEBUG    | tumblr_bot:setup_client:74 - consumer_secret: o1HTP...
2025-02-09 22:33:03.535 | DEBUG    | tumblr_bot:setup_client:74 - oauth_token: TtNyM...
2025-02-09 22:33:03.536 | DEBUG    | tumblr_bot:setup_client:74 - oauth_secret: k1aKV...
2025-02-09 22:33:04.796 | INFO     | tumblr_bot:setup_client:87 - API bağlantısı başarılı! Kullanıcı: thrasherq
2025-02-09 22:33:06.272 | INFO     | tumblr_bot:update_liked_posts_cache:207 - Toplam 13061 beğenilen post bulundu
2025-02-09 22:33:08.369 | INFO     | tumblr_bot:update_liked_posts_cache:207 - Toplam 13061 beğenilen post bulundu
2025-02-09 22:33:09.678 | INFO     | tumblr_bot:update_liked_posts_cache:207 - Toplam 13061 beğenilen post bulundu
2025-02-09 22:33:11.118 | INFO     | tumblr_bot:update_liked_posts_cache:207 - Toplam 13061 beğenilen post bulundu
2025-02-09 22:33:12.404 | INFO     | tumblr_bot:update_liked_posts_cache:207 - Toplam 13061 beğenilen post bulundu
2025-02-09 22:33:13.659 | INFO     | tumblr_bot:update_liked_posts_cache:207 - Toplam 13061 beğenilen post bulundu
2025-02-09 22:33:15.160 | INFO     | tumblr_bot:update_liked_posts_cache:207 - Toplam 13061 beğenilen post bulundu
2025-02-09 22:33:16.667 | INFO     | tumblr_bot:update_liked_posts_cache:207 - Toplam 13061 beğenilen post bulundu
2025-02-09 22:33:18.136 | INFO     | tumblr_bot:update_liked_posts_cache:207 - Toplam 13061 beğenilen post bulundu
2025-02-09 22:33:20.245 | INFO     | tumblr_bot:update_liked_posts_cache:207 - Toplam 13061 beğenilen post bulundu
2025-02-09 22:33:21.571 | INFO     | tumblr_bot:update_liked_posts_cache:207 - Toplam 13061 beğenilen post bulundu
2025-02-09 22:33:22.920 | INFO     | tumblr_bot:update_liked_posts_cache:207 - Toplam 13061 beğenilen post bulundu
2025-02-09 22:33:24.318 | INFO     | tumblr_bot:update_liked_posts_cache:207 - Toplam 13061 beğenilen post bulundu
2025-02-09 22:33:25.770 | INFO     | tumblr_bot:update_liked_posts_cache:207 - Toplam 13061 beğenilen post bulundu
2025-02-09 22:33:28.199 | INFO     | tumblr_bot:update_liked_posts_cache:207 - Toplam 13061 beğenilen post bulundu
2025-02-09 22:33:29.669 | INFO     | tumblr_bot:update_liked_posts_cache:207 - Toplam 13061 beğenilen post bulundu
2025-02-09 22:33:31.208 | INFO     | tumblr_bot:update_liked_posts_cache:207 - Toplam 13061 beğenilen post bulundu
2025-02-09 22:34:13.852 | DEBUG    | tumblr_bot:setup_client:74 - consumer_key: 6v9zP...
2025-02-09 22:34:13.853 | DEBUG    | tumblr_bot:setup_client:74 - consumer_secret: o1HTP...
2025-02-09 22:34:13.853 | DEBUG    | tumblr_bot:setup_client:74 - oauth_token: TtNyM...
2025-02-09 22:34:13.854 | DEBUG    | tumblr_bot:setup_client:74 - oauth_secret: k1aKV...
2025-02-09 22:34:15.003 | INFO     | tumblr_bot:setup_client:87 - API bağlantısı başarılı! Kullanıcı: thrasherq
2025-02-09 22:34:15.004 | INFO     | tumblr_bot:update_liked_posts_cache:197 - Beğenilen gönderiler yükleniyor...
2025-02-09 22:34:16.292 | INFO     | tumblr_bot:update_liked_posts_cache:209 - Toplam 13061 beğenilen post bulundu. Yükleniyor...
2025-02-09 22:35:28.687 | INFO     | tumblr_bot:update_liked_posts_cache:227 - Cache güncellendi: 975 post yüklendi
2025-02-09 22:40:50.023 | DEBUG    | tumblr_bot:setup_client:76 - consumer_key: 6v9zP...
2025-02-09 22:40:50.024 | DEBUG    | tumblr_bot:setup_client:76 - consumer_secret: o1HTP...
2025-02-09 22:40:50.024 | DEBUG    | tumblr_bot:setup_client:76 - oauth_token: TtNyM...
2025-02-09 22:40:50.025 | DEBUG    | tumblr_bot:setup_client:76 - oauth_secret: k1aKV...
2025-02-09 22:40:51.470 | INFO     | tumblr_bot:setup_client:89 - API bağlantısı başarılı! Kullanıcı: thrasherq
2025-02-09 22:40:51.472 | INFO     | tumblr_bot:load_cache:165 - Yerel cache bulunamadı, yeni cache oluşturulacak
2025-02-09 22:40:51.472 | INFO     | tumblr_bot:update_liked_posts_cache:187 - Son beğeniler yükleniyor...
2025-02-09 22:40:53.042 | INFO     | tumblr_bot:update_liked_posts_cache:199 - Toplam 13062 beğeni bulundu (Son 1000 beğeni yüklenecek)
2025-02-09 22:42:11.555 | WARNING  | tumblr_bot:update_liked_posts_cache:221 - DİKKAT: Toplam 13062 beğeniniz var, ancak API sınırlaması nedeniyle sadece son 1000 beğeni yüklenebildi
2025-02-09 22:42:11.557 | INFO     | tumblr_bot:update_liked_posts_cache:222 - Önceki beğeniler yerel cache'den kontrol edilecek
2025-02-09 22:42:11.558 | INFO     | tumblr_bot:update_liked_posts_cache:224 - Cache güncellendi: 975 yeni post eklendi (Toplam: 975)
2025-02-09 22:42:11.560 | DEBUG    | tumblr_bot:save_cache:175 - Cache güncellendi: 975 post kaydedildi
2025-02-09 22:44:03.089 | DEBUG    | tumblr_bot:setup_client:76 - consumer_key: 6v9zP...
2025-02-09 22:44:03.090 | DEBUG    | tumblr_bot:setup_client:76 - consumer_secret: o1HTP...
2025-02-09 22:44:03.091 | DEBUG    | tumblr_bot:setup_client:76 - oauth_token: TtNyM...
2025-02-09 22:44:03.092 | DEBUG    | tumblr_bot:setup_client:76 - oauth_secret: k1aKV...
2025-02-09 22:44:04.365 | INFO     | tumblr_bot:setup_client:89 - API bağlantısı başarılı! Kullanıcı: thrasherq
2025-02-09 22:44:04.379 | INFO     | tumblr_bot:load_cache:163 - Yerel cache yüklendi: 975 post
2025-02-09 22:44:04.380 | INFO     | tumblr_bot:update_liked_posts_cache:187 - Son beğeniler yükleniyor...
2025-02-09 22:44:05.792 | INFO     | tumblr_bot:update_liked_posts_cache:199 - Toplam 13062 beğeni bulundu (Son 1000 beğeni yüklenecek)
2025-02-09 22:45:33.095 | WARNING  | tumblr_bot:update_liked_posts_cache:221 - DİKKAT: Toplam 13062 beğeniniz var, ancak API sınırlaması nedeniyle sadece son 1000 beğeni yüklenebildi
2025-02-09 22:45:33.097 | INFO     | tumblr_bot:update_liked_posts_cache:222 - Önceki beğeniler yerel cache'den kontrol edilecek
2025-02-09 22:45:33.098 | INFO     | tumblr_bot:update_liked_posts_cache:224 - Cache güncellendi: 0 yeni post eklendi (Toplam: 975)
2025-02-09 22:45:33.101 | DEBUG    | tumblr_bot:save_cache:175 - Cache güncellendi: 975 post kaydedildi
2025-02-09 22:49:53.114 | DEBUG    | tumblr_bot:setup_client:76 - consumer_key: 6v9zP...
2025-02-09 22:49:53.114 | DEBUG    | tumblr_bot:setup_client:76 - consumer_secret: o1HTP...
2025-02-09 22:49:53.115 | DEBUG    | tumblr_bot:setup_client:76 - oauth_token: TtNyM...
2025-02-09 22:49:53.116 | DEBUG    | tumblr_bot:setup_client:76 - oauth_secret: k1aKV...
2025-02-09 22:49:54.485 | INFO     | tumblr_bot:setup_client:89 - API bağlantısı başarılı! Kullanıcı: thrasherq
2025-02-09 22:49:54.487 | INFO     | tumblr_bot:load_cache:163 - Yerel cache yüklendi: 976 post
2025-02-09 22:49:54.487 | INFO     | tumblr_bot:update_liked_posts_cache:187 - Son beğeniler yükleniyor...
2025-02-09 22:49:55.931 | INFO     | tumblr_bot:update_liked_posts_cache:199 - Toplam 13063 beğeni bulundu (Son 1000 beğeni yüklenecek)
2025-02-09 22:51:17.655 | WARNING  | tumblr_bot:update_liked_posts_cache:221 - DİKKAT: Toplam 13063 beğeniniz var, ancak API sınırlaması nedeniyle sadece son 1000 beğeni yüklenebildi
2025-02-09 22:51:17.657 | INFO     | tumblr_bot:update_liked_posts_cache:222 - Önceki beğeniler yerel cache'den kontrol edilecek
2025-02-09 22:51:17.659 | INFO     | tumblr_bot:update_liked_posts_cache:224 - Cache güncellendi: 0 yeni post eklendi (Toplam: 976)
2025-02-09 22:51:17.660 | DEBUG    | tumblr_bot:save_cache:175 - Cache güncellendi: 976 post kaydedildi
2025-02-09 22:52:10.885 | DEBUG    | tumblr_bot:setup_client:76 - consumer_key: 6v9zP...
2025-02-09 22:52:10.886 | DEBUG    | tumblr_bot:setup_client:76 - consumer_secret: o1HTP...
2025-02-09 22:52:10.887 | DEBUG    | tumblr_bot:setup_client:76 - oauth_token: TtNyM...
2025-02-09 22:52:10.887 | DEBUG    | tumblr_bot:setup_client:76 - oauth_secret: k1aKV...
2025-02-09 22:52:12.390 | INFO     | tumblr_bot:setup_client:89 - API bağlantısı başarılı! Kullanıcı: thrasherq
2025-02-09 22:52:12.394 | INFO     | tumblr_bot:load_cache:163 - Yerel cache yüklendi: 976 post
2025-02-09 22:52:12.395 | INFO     | tumblr_bot:update_liked_posts_cache:187 - Son beğeniler yükleniyor...
2025-02-09 22:52:13.785 | INFO     | tumblr_bot:update_liked_posts_cache:199 - Toplam 13063 beğeni bulundu (Son 1000 beğeni yüklenecek)
2025-02-09 22:53:36.412 | WARNING  | tumblr_bot:update_liked_posts_cache:221 - DİKKAT: Toplam 13063 beğeniniz var, ancak API sınırlaması nedeniyle sadece son 1000 beğeni yüklenebildi
2025-02-09 22:53:36.413 | INFO     | tumblr_bot:update_liked_posts_cache:222 - Önceki beğeniler yerel cache'den kontrol edilecek
2025-02-09 22:53:36.414 | INFO     | tumblr_bot:update_liked_posts_cache:224 - Cache güncellendi: 0 yeni post eklendi (Toplam: 976)
2025-02-09 22:53:36.415 | DEBUG    | tumblr_bot:save_cache:175 - Cache güncellendi: 976 post kaydedildi
2025-02-09 22:56:17.026 | DEBUG    | tumblr_bot:setup_client:78 - consumer_key: 6v9zP...
2025-02-09 22:56:17.027 | DEBUG    | tumblr_bot:setup_client:78 - consumer_secret: o1HTP...
2025-02-09 22:56:17.027 | DEBUG    | tumblr_bot:setup_client:78 - oauth_token: TtNyM...
2025-02-09 22:56:17.028 | DEBUG    | tumblr_bot:setup_client:78 - oauth_secret: k1aKV...
2025-02-09 22:56:18.327 | INFO     | tumblr_bot:setup_client:91 - API bağlantısı başarılı! Kullanıcı: thrasherq
2025-02-09 22:56:18.329 | INFO     | tumblr_bot:load_cache:165 - Yerel cache yüklendi: 976 post
2025-02-09 22:56:18.647 | INFO     | tumblr_bot:update_liked_posts_cache:189 - Son beğeniler yükleniyor...
2025-02-09 22:56:20.055 | INFO     | tumblr_bot:update_liked_posts_cache:201 - Toplam 13063 beğeni bulundu (Son 1000 beğeni yüklenecek)
2025-02-09 22:57:12.014 | DEBUG    | tumblr_bot:setup_client:78 - consumer_key: 6v9zP...
2025-02-09 22:57:12.016 | DEBUG    | tumblr_bot:setup_client:78 - consumer_secret: o1HTP...
2025-02-09 22:57:12.016 | DEBUG    | tumblr_bot:setup_client:78 - oauth_token: TtNyM...
2025-02-09 22:57:12.017 | DEBUG    | tumblr_bot:setup_client:78 - oauth_secret: k1aKV...
2025-02-09 22:57:13.433 | INFO     | tumblr_bot:setup_client:91 - API bağlantısı başarılı! Kullanıcı: thrasherq
2025-02-09 22:57:13.435 | INFO     | tumblr_bot:load_cache:165 - Yerel cache yüklendi: 976 post
2025-02-09 22:57:14.448 | INFO     | tumblr_bot:update_liked_posts_cache:189 - Son beğeniler yükleniyor...
2025-02-09 22:57:16.046 | INFO     | tumblr_bot:update_liked_posts_cache:201 - Toplam 13063 beğeni bulundu (Son 1000 beğeni yüklenecek)
2025-02-09 22:57:31.813 | DEBUG    | tumblr_bot:setup_client:78 - consumer_key: 6v9zP...
2025-02-09 22:57:31.813 | DEBUG    | tumblr_bot:setup_client:78 - consumer_key: 6v9zP...
2025-02-09 22:57:31.815 | DEBUG    | tumblr_bot:setup_client:78 - consumer_secret: o1HTP...
2025-02-09 22:57:31.815 | DEBUG    | tumblr_bot:setup_client:78 - consumer_secret: o1HTP...
2025-02-09 22:57:31.816 | DEBUG    | tumblr_bot:setup_client:78 - oauth_token: TtNyM...
2025-02-09 22:57:31.816 | DEBUG    | tumblr_bot:setup_client:78 - oauth_token: TtNyM...
2025-02-09 22:57:31.817 | DEBUG    | tumblr_bot:setup_client:78 - oauth_secret: k1aKV...
2025-02-09 22:57:31.817 | DEBUG    | tumblr_bot:setup_client:78 - oauth_secret: k1aKV...
2025-02-09 22:57:33.593 | INFO     | tumblr_bot:setup_client:91 - API bağlantısı başarılı! Kullanıcı: thrasherq
2025-02-09 22:57:33.593 | INFO     | tumblr_bot:setup_client:91 - API bağlantısı başarılı! Kullanıcı: thrasherq
2025-02-09 22:57:33.596 | INFO     | tumblr_bot:load_cache:165 - Yerel cache yüklendi: 976 post
2025-02-09 22:57:33.596 | INFO     | tumblr_bot:load_cache:165 - Yerel cache yüklendi: 976 post
2025-02-09 22:58:28.692 | WARNING  | tumblr_bot:update_liked_posts_cache:223 - DİKKAT: Toplam 13063 beğeniniz var, ancak API sınırlaması nedeniyle sadece son 1000 beğeni yüklenebildi
2025-02-09 22:58:28.692 | WARNING  | tumblr_bot:update_liked_posts_cache:223 - DİKKAT: Toplam 13063 beğeniniz var, ancak API sınırlaması nedeniyle sadece son 1000 beğeni yüklenebildi
2025-02-09 22:58:28.695 | INFO     | tumblr_bot:update_liked_posts_cache:224 - Önceki beğeniler yerel cache'den kontrol edilecek
2025-02-09 22:58:28.695 | INFO     | tumblr_bot:update_liked_posts_cache:224 - Önceki beğeniler yerel cache'den kontrol edilecek
2025-02-09 22:58:28.695 | INFO     | tumblr_bot:update_liked_posts_cache:226 - Cache güncellendi: 0 yeni post eklendi (Toplam: 976)
2025-02-09 22:58:28.695 | INFO     | tumblr_bot:update_liked_posts_cache:226 - Cache güncellendi: 0 yeni post eklendi (Toplam: 976)
2025-02-09 22:58:28.697 | DEBUG    | tumblr_bot:save_cache:177 - Cache güncellendi: 976 post kaydedildi
2025-02-09 22:58:28.697 | DEBUG    | tumblr_bot:save_cache:177 - Cache güncellendi: 976 post kaydedildi
2025-02-09 22:59:57.467 | DEBUG    | tumblr_bot:setup_client:78 - consumer_key: 6v9zP...
2025-02-09 22:59:57.468 | DEBUG    | tumblr_bot:setup_client:78 - consumer_secret: o1HTP...
2025-02-09 22:59:57.468 | DEBUG    | tumblr_bot:setup_client:78 - oauth_token: TtNyM...
2025-02-09 22:59:57.469 | DEBUG    | tumblr_bot:setup_client:78 - oauth_secret: k1aKV...
2025-02-09 22:59:58.767 | INFO     | tumblr_bot:setup_client:91 - API bağlantısı başarılı! Kullanıcı: thrasherq
2025-02-09 22:59:58.768 | INFO     | tumblr_bot:load_cache:165 - Yerel cache yüklendi: 976 post
2025-02-09 22:59:59.078 | INFO     | tumblr_bot:update_liked_posts_cache:189 - Son beğeniler yükleniyor...
2025-02-09 23:00:00.519 | INFO     | tumblr_bot:update_liked_posts_cache:201 - Toplam 13063 beğeni bulundu (Son 1000 beğeni yüklenecek)
2025-02-09 23:00:06.634 | DEBUG    | tumblr_bot:setup_client:78 - consumer_key: 6v9zP...
2025-02-09 23:00:06.634 | DEBUG    | tumblr_bot:setup_client:78 - consumer_key: 6v9zP...
2025-02-09 23:00:06.636 | DEBUG    | tumblr_bot:setup_client:78 - consumer_secret: o1HTP...
2025-02-09 23:00:06.636 | DEBUG    | tumblr_bot:setup_client:78 - consumer_secret: o1HTP...
2025-02-09 23:00:06.637 | DEBUG    | tumblr_bot:setup_client:78 - oauth_token: TtNyM...
2025-02-09 23:00:06.637 | DEBUG    | tumblr_bot:setup_client:78 - oauth_token: TtNyM...
2025-02-09 23:00:06.638 | DEBUG    | tumblr_bot:setup_client:78 - oauth_secret: k1aKV...
2025-02-09 23:00:06.638 | DEBUG    | tumblr_bot:setup_client:78 - oauth_secret: k1aKV...
2025-02-09 23:00:08.533 | INFO     | tumblr_bot:setup_client:91 - API bağlantısı başarılı! Kullanıcı: thrasherq
2025-02-09 23:00:08.533 | INFO     | tumblr_bot:setup_client:91 - API bağlantısı başarılı! Kullanıcı: thrasherq
2025-02-09 23:00:08.536 | INFO     | tumblr_bot:load_cache:165 - Yerel cache yüklendi: 976 post
2025-02-09 23:00:08.536 | INFO     | tumblr_bot:load_cache:165 - Yerel cache yüklendi: 976 post
2025-02-09 23:01:12.502 | WARNING  | tumblr_bot:update_liked_posts_cache:223 - DİKKAT: Toplam 13063 beğeniniz var, ancak API sınırlaması nedeniyle sadece son 1000 beğeni yüklenebildi
2025-02-09 23:01:12.502 | WARNING  | tumblr_bot:update_liked_posts_cache:223 - DİKKAT: Toplam 13063 beğeniniz var, ancak API sınırlaması nedeniyle sadece son 1000 beğeni yüklenebildi
2025-02-09 23:01:12.534 | INFO     | tumblr_bot:update_liked_posts_cache:224 - Önceki beğeniler yerel cache'den kontrol edilecek
2025-02-09 23:01:12.534 | INFO     | tumblr_bot:update_liked_posts_cache:224 - Önceki beğeniler yerel cache'den kontrol edilecek
2025-02-09 23:01:12.535 | INFO     | tumblr_bot:update_liked_posts_cache:226 - Cache güncellendi: 0 yeni post eklendi (Toplam: 976)
2025-02-09 23:01:12.535 | INFO     | tumblr_bot:update_liked_posts_cache:226 - Cache güncellendi: 0 yeni post eklendi (Toplam: 976)
2025-02-09 23:01:12.537 | DEBUG    | tumblr_bot:save_cache:177 - Cache güncellendi: 976 post kaydedildi
2025-02-09 23:01:12.537 | DEBUG    | tumblr_bot:save_cache:177 - Cache güncellendi: 976 post kaydedildi
2025-02-09 23:02:16.042 | DEBUG    | tumblr_bot:setup_client:78 - consumer_key: 6v9zP...
2025-02-09 23:02:16.045 | DEBUG    | tumblr_bot:setup_client:78 - consumer_secret: o1HTP...
2025-02-09 23:02:16.046 | DEBUG    | tumblr_bot:setup_client:78 - oauth_token: TtNyM...
2025-02-09 23:02:16.046 | DEBUG    | tumblr_bot:setup_client:78 - oauth_secret: k1aKV...
2025-02-09 23:02:17.308 | INFO     | tumblr_bot:setup_client:91 - API bağlantısı başarılı! Kullanıcı: thrasherq
2025-02-09 23:02:17.330 | INFO     | tumblr_bot:load_cache:165 - Yerel cache yüklendi: 976 post
2025-02-09 23:02:17.623 | INFO     | tumblr_bot:update_liked_posts_cache:189 - Son beğeniler yükleniyor...
2025-02-09 23:02:18.969 | INFO     | tumblr_bot:update_liked_posts_cache:201 - Toplam 13063 beğeni bulundu (Son 1000 beğeni yüklenecek)
2025-02-09 23:03:33.374 | WARNING  | tumblr_bot:update_liked_posts_cache:223 - DİKKAT: Toplam 13063 beğeniniz var, ancak API sınırlaması nedeniyle sadece son 1000 beğeni yüklenebildi
2025-02-09 23:03:33.378 | INFO     | tumblr_bot:update_liked_posts_cache:224 - Önceki beğeniler yerel cache'den kontrol edilecek
2025-02-09 23:03:33.379 | INFO     | tumblr_bot:update_liked_posts_cache:226 - Cache güncellendi: 0 yeni post eklendi (Toplam: 976)
2025-02-09 23:03:33.380 | DEBUG    | tumblr_bot:save_cache:177 - Cache güncellendi: 976 post kaydedildi
2025-02-09 23:06:35.582 | DEBUG    | tumblr_bot:setup_client:78 - consumer_key: 6v9zP...
2025-02-09 23:06:35.582 | DEBUG    | tumblr_bot:setup_client:78 - consumer_secret: o1HTP...
2025-02-09 23:06:35.583 | DEBUG    | tumblr_bot:setup_client:78 - oauth_token: TtNyM...
2025-02-09 23:06:35.583 | DEBUG    | tumblr_bot:setup_client:78 - oauth_secret: k1aKV...
2025-02-09 23:06:36.943 | INFO     | tumblr_bot:setup_client:91 - API bağlantısı başarılı! Kullanıcı: thrasherq
2025-02-09 23:06:36.946 | INFO     | tumblr_bot:load_cache:165 - Yerel cache yüklendi: 976 post
2025-02-09 23:06:37.372 | INFO     | tumblr_bot:update_liked_posts_cache:189 - Son beğeniler yükleniyor...
2025-02-09 23:06:38.639 | INFO     | tumblr_bot:update_liked_posts_cache:201 - Toplam 13063 beğeni bulundu (Son 1000 beğeni yüklenecek)
2025-02-09 23:07:54.223 | WARNING  | tumblr_bot:update_liked_posts_cache:223 - DİKKAT: Toplam 13063 beğeniniz var, ancak API sınırlaması nedeniyle sadece son 1000 beğeni yüklenebildi
2025-02-09 23:07:54.224 | INFO     | tumblr_bot:update_liked_posts_cache:224 - Önceki beğeniler yerel cache'den kontrol edilecek
2025-02-09 23:07:54.225 | INFO     | tumblr_bot:update_liked_posts_cache:226 - Cache güncellendi: 0 yeni post eklendi (Toplam: 976)
2025-02-09 23:07:54.227 | DEBUG    | tumblr_bot:save_cache:177 - Cache güncellendi: 976 post kaydedildi
2025-02-09 23:09:15.698 | DEBUG    | tumblr_bot:setup_client:78 - consumer_key: 6v9zP...
2025-02-09 23:09:15.699 | DEBUG    | tumblr_bot:setup_client:78 - consumer_secret: o1HTP...
2025-02-09 23:09:15.700 | DEBUG    | tumblr_bot:setup_client:78 - oauth_token: TtNyM...
2025-02-09 23:09:15.700 | DEBUG    | tumblr_bot:setup_client:78 - oauth_secret: k1aKV...
2025-02-09 23:09:17.006 | INFO     | tumblr_bot:setup_client:91 - API bağlantısı başarılı! Kullanıcı: thrasherq
2025-02-09 23:09:17.009 | INFO     | tumblr_bot:load_cache:165 - Yerel cache yüklendi: 976 post
2025-02-09 23:09:17.347 | INFO     | tumblr_bot:update_liked_posts_cache:189 - Son beğeniler yükleniyor...
2025-02-09 23:09:18.694 | INFO     | tumblr_bot:update_liked_posts_cache:201 - Toplam 13063 beğeni bulundu (Son 1000 beğeni yüklenecek)
2025-02-09 23:10:40.780 | WARNING  | tumblr_bot:update_liked_posts_cache:223 - DİKKAT: Toplam 13063 beğeniniz var, ancak API sınırlaması nedeniyle sadece son 1000 beğeni yüklenebildi
2025-02-09 23:10:40.782 | INFO     | tumblr_bot:update_liked_posts_cache:224 - Önceki beğeniler yerel cache'den kontrol edilecek
2025-02-09 23:10:40.783 | INFO     | tumblr_bot:update_liked_posts_cache:226 - Cache güncellendi: 0 yeni post eklendi (Toplam: 976)
2025-02-09 23:10:40.786 | DEBUG    | tumblr_bot:save_cache:177 - Cache güncellendi: 976 post kaydedildi
2025-02-09 23:13:52.348 | DEBUG    | tumblr_bot:setup_client:78 - consumer_key: 6v9zP...
2025-02-09 23:13:52.349 | DEBUG    | tumblr_bot:setup_client:78 - consumer_secret: o1HTP...
2025-02-09 23:13:52.350 | DEBUG    | tumblr_bot:setup_client:78 - oauth_token: TtNyM...
2025-02-09 23:13:52.350 | DEBUG    | tumblr_bot:setup_client:78 - oauth_secret: k1aKV...
2025-02-09 23:13:53.522 | INFO     | tumblr_bot:setup_client:91 - API bağlantısı başarılı! Kullanıcı: thrasherq
2025-02-09 23:13:53.524 | INFO     | tumblr_bot:load_cache:165 - Yerel cache yüklendi: 976 post
2025-02-09 23:13:53.871 | INFO     | tumblr_bot:update_liked_posts_cache:189 - Son beğeniler yükleniyor...
2025-02-09 23:13:55.263 | INFO     | tumblr_bot:update_liked_posts_cache:201 - Toplam 13063 beğeni bulundu (Son 1000 beğeni yüklenecek)
2025-02-09 23:16:20.795 | DEBUG    | tumblr_bot:setup_client:78 - consumer_key: 6v9zP...
2025-02-09 23:16:20.797 | DEBUG    | tumblr_bot:setup_client:78 - consumer_secret: o1HTP...
2025-02-09 23:16:20.798 | DEBUG    | tumblr_bot:setup_client:78 - oauth_token: TtNyM...
2025-02-09 23:16:20.798 | DEBUG    | tumblr_bot:setup_client:78 - oauth_secret: k1aKV...
2025-02-09 23:16:22.540 | INFO     | tumblr_bot:setup_client:91 - API bağlantısı başarılı! Kullanıcı: thrasherq
2025-02-09 23:16:22.542 | INFO     | tumblr_bot:load_cache:165 - Yerel cache yüklendi: 976 post
2025-02-09 23:16:47.484 | DEBUG    | tumblr_bot:setup_client:78 - consumer_key: 6v9zP...
2025-02-09 23:16:47.485 | DEBUG    | tumblr_bot:setup_client:78 - consumer_secret: o1HTP...
2025-02-09 23:16:47.486 | DEBUG    | tumblr_bot:setup_client:78 - oauth_token: TtNyM...
2025-02-09 23:16:47.487 | DEBUG    | tumblr_bot:setup_client:78 - oauth_secret: k1aKV...
2025-02-09 23:16:48.945 | INFO     | tumblr_bot:setup_client:91 - API bağlantısı başarılı! Kullanıcı: thrasherq
2025-02-09 23:16:48.947 | INFO     | tumblr_bot:load_cache:165 - Yerel cache yüklendi: 976 post
2025-02-09 23:17:41.545 | DEBUG    | tumblr_bot:setup_client:78 - consumer_key: 6v9zP...
2025-02-09 23:17:41.546 | DEBUG    | tumblr_bot:setup_client:78 - consumer_secret: o1HTP...
2025-02-09 23:17:41.547 | DEBUG    | tumblr_bot:setup_client:78 - oauth_token: TtNyM...
2025-02-09 23:17:41.547 | DEBUG    | tumblr_bot:setup_client:78 - oauth_secret: k1aKV...
2025-02-09 23:17:42.830 | INFO     | tumblr_bot:setup_client:91 - API bağlantısı başarılı! Kullanıcı: thrasherq
2025-02-09 23:17:42.832 | INFO     | tumblr_bot:load_cache:165 - Yerel cache yüklendi: 976 post
2025-02-09 23:17:43.314 | INFO     | tumblr_bot:update_liked_posts_cache:189 - Son beğeniler yükleniyor...
2025-02-09 23:17:44.734 | INFO     | tumblr_bot:update_liked_posts_cache:201 - Toplam 13063 beğeni bulundu (Son 1000 beğeni yüklenecek)
2025-02-09 23:18:44.809 | DEBUG    | tumblr_bot:setup_client:78 - consumer_key: 6v9zP...
2025-02-09 23:18:44.810 | DEBUG    | tumblr_bot:setup_client:78 - consumer_secret: o1HTP...
2025-02-09 23:18:44.811 | DEBUG    | tumblr_bot:setup_client:78 - oauth_token: TtNyM...
2025-02-09 23:18:44.812 | DEBUG    | tumblr_bot:setup_client:78 - oauth_secret: k1aKV...
2025-02-09 23:18:46.076 | INFO     | tumblr_bot:setup_client:91 - API bağlantısı başarılı! Kullanıcı: thrasherq
2025-02-09 23:18:46.077 | INFO     | tumblr_bot:load_cache:165 - Yerel cache yüklendi: 976 post
2025-02-09 23:18:46.363 | INFO     | tumblr_bot:update_liked_posts_cache:189 - Son beğeniler yükleniyor...
2025-02-09 23:18:47.717 | INFO     | tumblr_bot:update_liked_posts_cache:201 - Toplam 13063 beğeni bulundu (Son 1000 beğeni yüklenecek)
2025-02-09 23:20:13.890 | DEBUG    | tumblr_bot:setup_client:78 - consumer_key: 6v9zP...
2025-02-09 23:20:13.891 | DEBUG    | tumblr_bot:setup_client:78 - consumer_secret: o1HTP...
2025-02-09 23:20:13.892 | DEBUG    | tumblr_bot:setup_client:78 - oauth_token: TtNyM...
2025-02-09 23:20:13.893 | DEBUG    | tumblr_bot:setup_client:78 - oauth_secret: k1aKV...
2025-02-09 23:20:15.046 | INFO     | tumblr_bot:setup_client:91 - API bağlantısı başarılı! Kullanıcı: thrasherq
2025-02-09 23:20:15.048 | INFO     | tumblr_bot:load_cache:165 - Yerel cache yüklendi: 976 post
2025-02-09 23:20:15.333 | INFO     | tumblr_bot:update_liked_posts_cache:189 - Son beğeniler yükleniyor...
2025-02-09 23:20:16.988 | INFO     | tumblr_bot:update_liked_posts_cache:201 - Toplam 13063 beğeni bulundu (Son 1000 beğeni yüklenecek)
2025-02-09 23:21:30.398 | WARNING  | tumblr_bot:update_liked_posts_cache:223 - DİKKAT: Toplam 13063 beğeniniz var, ancak API sınırlaması nedeniyle sadece son 1000 beğeni yüklenebildi
2025-02-09 23:21:30.399 | INFO     | tumblr_bot:update_liked_posts_cache:224 - Önceki beğeniler yerel cache'den kontrol edilecek
2025-02-09 23:21:30.400 | INFO     | tumblr_bot:update_liked_posts_cache:226 - Cache güncellendi: 0 yeni post eklendi (Toplam: 976)
2025-02-09 23:21:30.401 | DEBUG    | tumblr_bot:save_cache:177 - Cache güncellendi: 976 post kaydedildi
2025-02-09 23:23:16.837 | DEBUG    | tumblr_bot:setup_client:78 - consumer_key: 6v9zP...
2025-02-09 23:23:16.838 | DEBUG    | tumblr_bot:setup_client:78 - consumer_secret: o1HTP...
2025-02-09 23:23:16.839 | DEBUG    | tumblr_bot:setup_client:78 - oauth_token: TtNyM...
2025-02-09 23:23:16.839 | DEBUG    | tumblr_bot:setup_client:78 - oauth_secret: k1aKV...
2025-02-09 23:23:18.316 | INFO     | tumblr_bot:setup_client:91 - API bağlantısı başarılı! Kullanıcı: thrasherq
2025-02-09 23:23:18.318 | INFO     | tumblr_bot:load_cache:165 - Yerel cache yüklendi: 976 post
2025-02-09 23:23:18.682 | INFO     | tumblr_bot:update_liked_posts_cache:189 - Son beğeniler yükleniyor...
2025-02-09 23:23:20.187 | INFO     | tumblr_bot:update_liked_posts_cache:201 - Toplam 13063 beğeni bulundu (Son 1000 beğeni yüklenecek)
2025-02-09 23:26:28.525 | DEBUG    | tumblr_bot:setup_client:78 - consumer_key: 6v9zP...
2025-02-09 23:26:28.526 | DEBUG    | tumblr_bot:setup_client:78 - consumer_secret: o1HTP...
2025-02-09 23:26:28.526 | DEBUG    | tumblr_bot:setup_client:78 - oauth_token: TtNyM...
2025-02-09 23:26:28.527 | DEBUG    | tumblr_bot:setup_client:78 - oauth_secret: k1aKV...
2025-02-09 23:26:29.835 | INFO     | tumblr_bot:setup_client:91 - API bağlantısı başarılı! Kullanıcı: thrasherq
2025-02-09 23:26:29.839 | INFO     | tumblr_bot:load_cache:165 - Yerel cache yüklendi: 976 post
2025-02-09 23:26:30.150 | INFO     | tumblr_bot:update_liked_posts_cache:189 - Son beğeniler yükleniyor...
2025-02-09 23:26:31.788 | INFO     | tumblr_bot:update_liked_posts_cache:201 - Toplam 13063 beğeni bulundu (Son 1000 beğeni yüklenecek)
2025-02-09 23:26:59.772 | DEBUG    | tumblr_bot:setup_client:78 - consumer_key: 6v9zP...
2025-02-09 23:26:59.773 | DEBUG    | tumblr_bot:setup_client:78 - consumer_secret: o1HTP...
2025-02-09 23:26:59.773 | DEBUG    | tumblr_bot:setup_client:78 - oauth_token: TtNyM...
2025-02-09 23:26:59.774 | DEBUG    | tumblr_bot:setup_client:78 - oauth_secret: k1aKV...
2025-02-09 23:27:00.982 | INFO     | tumblr_bot:setup_client:91 - API bağlantısı başarılı! Kullanıcı: thrasherq
2025-02-09 23:27:00.984 | INFO     | tumblr_bot:load_cache:165 - Yerel cache yüklendi: 976 post
2025-02-09 23:27:01.278 | INFO     | tumblr_bot:update_liked_posts_cache:189 - Son beğeniler yükleniyor...
2025-02-09 23:27:02.719 | INFO     | tumblr_bot:update_liked_posts_cache:201 - Toplam 13063 beğeni bulundu (Son 1000 beğeni yüklenecek)
2025-02-09 23:27:25.976 | DEBUG    | tumblr_bot:setup_client:78 - consumer_key: 6v9zP...
2025-02-09 23:27:25.977 | DEBUG    | tumblr_bot:setup_client:78 - consumer_secret: o1HTP...
2025-02-09 23:27:25.978 | DEBUG    | tumblr_bot:setup_client:78 - oauth_token: TtNyM...
2025-02-09 23:27:25.979 | DEBUG    | tumblr_bot:setup_client:78 - oauth_secret: k1aKV...
2025-02-09 23:27:27.293 | INFO     | tumblr_bot:setup_client:91 - API bağlantısı başarılı! Kullanıcı: thrasherq
2025-02-09 23:27:27.295 | INFO     | tumblr_bot:load_cache:165 - Yerel cache yüklendi: 976 post
2025-02-09 23:27:27.602 | INFO     | tumblr_bot:update_liked_posts_cache:189 - Son beğeniler yükleniyor...
2025-02-09 23:27:28.977 | INFO     | tumblr_bot:update_liked_posts_cache:201 - Toplam 13063 beğeni bulundu (Son 1000 beğeni yüklenecek)
2025-02-09 23:28:44.107 | WARNING  | tumblr_bot:update_liked_posts_cache:223 - DİKKAT: Toplam 13063 beğeniniz var, ancak API sınırlaması nedeniyle sadece son 1000 beğeni yüklenebildi
2025-02-09 23:28:44.109 | INFO     | tumblr_bot:update_liked_posts_cache:224 - Önceki beğeniler yerel cache'den kontrol edilecek
2025-02-09 23:28:44.110 | INFO     | tumblr_bot:update_liked_posts_cache:226 - Cache güncellendi: 0 yeni post eklendi (Toplam: 976)
2025-02-09 23:28:44.113 | DEBUG    | tumblr_bot:save_cache:177 - Cache güncellendi: 976 post kaydedildi
2025-02-09 23:30:18.884 | DEBUG    | tumblr_bot:setup_client:78 - consumer_key: 6v9zP...
2025-02-09 23:30:18.885 | DEBUG    | tumblr_bot:setup_client:78 - consumer_secret: o1HTP...
2025-02-09 23:30:18.885 | DEBUG    | tumblr_bot:setup_client:78 - oauth_token: TtNyM...
2025-02-09 23:30:18.886 | DEBUG    | tumblr_bot:setup_client:78 - oauth_secret: k1aKV...
2025-02-09 23:30:20.262 | INFO     | tumblr_bot:setup_client:91 - API bağlantısı başarılı! Kullanıcı: thrasherq
2025-02-09 23:30:20.264 | INFO     | tumblr_bot:load_cache:165 - Yerel cache yüklendi: 976 post
2025-02-09 23:30:20.608 | INFO     | tumblr_bot:update_liked_posts_cache:189 - Son beğeniler yükleniyor...
2025-02-09 23:30:22.041 | INFO     | tumblr_bot:update_liked_posts_cache:201 - Toplam 13063 beğeni bulundu (Son 1000 beğeni yüklenecek)
2025-02-09 23:31:11.646 | DEBUG    | tumblr_bot:setup_client:78 - consumer_key: 6v9zP...
2025-02-09 23:31:11.647 | DEBUG    | tumblr_bot:setup_client:78 - consumer_secret: o1HTP...
2025-02-09 23:31:11.648 | DEBUG    | tumblr_bot:setup_client:78 - oauth_token: TtNyM...
2025-02-09 23:31:11.648 | DEBUG    | tumblr_bot:setup_client:78 - oauth_secret: k1aKV...
2025-02-09 23:31:12.856 | INFO     | tumblr_bot:setup_client:91 - API bağlantısı başarılı! Kullanıcı: thrasherq
2025-02-09 23:31:12.858 | INFO     | tumblr_bot:load_cache:165 - Yerel cache yüklendi: 976 post
2025-02-09 23:31:13.150 | INFO     | tumblr_bot:update_liked_posts_cache:189 - Son beğeniler yükleniyor...
2025-02-09 23:31:14.583 | INFO     | tumblr_bot:update_liked_posts_cache:201 - Toplam 13063 beğeni bulundu (Son 1000 beğeni yüklenecek)
2025-02-09 23:32:12.080 | DEBUG    | tumblr_bot:setup_client:78 - consumer_key: 6v9zP...
2025-02-09 23:32:12.081 | DEBUG    | tumblr_bot:setup_client:78 - consumer_secret: o1HTP...
2025-02-09 23:32:12.082 | DEBUG    | tumblr_bot:setup_client:78 - oauth_token: TtNyM...
2025-02-09 23:32:12.083 | DEBUG    | tumblr_bot:setup_client:78 - oauth_secret: k1aKV...
2025-02-09 23:32:13.338 | INFO     | tumblr_bot:setup_client:91 - API bağlantısı başarılı! Kullanıcı: thrasherq
2025-02-09 23:32:13.340 | INFO     | tumblr_bot:load_cache:165 - Yerel cache yüklendi: 976 post
2025-02-09 23:32:13.695 | INFO     | tumblr_bot:update_liked_posts_cache:189 - Son beğeniler yükleniyor...
2025-02-09 23:32:15.099 | INFO     | tumblr_bot:update_liked_posts_cache:201 - Toplam 13063 beğeni bulundu (Son 1000 beğeni yüklenecek)
2025-02-09 23:32:30.217 | DEBUG    | tumblr_bot:setup_client:78 - consumer_key: 6v9zP...
2025-02-09 23:32:30.218 | DEBUG    | tumblr_bot:setup_client:78 - consumer_secret: o1HTP...
2025-02-09 23:32:30.218 | DEBUG    | tumblr_bot:setup_client:78 - oauth_token: TtNyM...
2025-02-09 23:32:30.219 | DEBUG    | tumblr_bot:setup_client:78 - oauth_secret: k1aKV...
2025-02-09 23:32:31.488 | INFO     | tumblr_bot:setup_client:91 - API bağlantısı başarılı! Kullanıcı: thrasherq
2025-02-09 23:32:31.492 | INFO     | tumblr_bot:load_cache:165 - Yerel cache yüklendi: 976 post
2025-02-09 23:32:31.817 | INFO     | tumblr_bot:update_liked_posts_cache:189 - Son beğeniler yükleniyor...
2025-02-09 23:32:33.119 | INFO     | tumblr_bot:update_liked_posts_cache:201 - Toplam 13063 beğeni bulundu (Son 1000 beğeni yüklenecek)
2025-02-09 23:33:43.274 | WARNING  | tumblr_bot:update_liked_posts_cache:223 - DİKKAT: Toplam 13063 beğeniniz var, ancak API sınırlaması nedeniyle sadece son 1000 beğeni yüklenebildi
2025-02-09 23:33:43.284 | INFO     | tumblr_bot:update_liked_posts_cache:224 - Önceki beğeniler yerel cache'den kontrol edilecek
2025-02-09 23:33:43.285 | INFO     | tumblr_bot:update_liked_posts_cache:226 - Cache güncellendi: 0 yeni post eklendi (Toplam: 976)
2025-02-09 23:33:43.288 | DEBUG    | tumblr_bot:save_cache:177 - Cache güncellendi: 976 post kaydedildi
2025-02-09 23:37:03.550 | DEBUG    | tumblr_bot:setup_client:78 - consumer_key: 6v9zP...
2025-02-09 23:37:03.551 | DEBUG    | tumblr_bot:setup_client:78 - consumer_secret: o1HTP...
2025-02-09 23:37:03.551 | DEBUG    | tumblr_bot:setup_client:78 - oauth_token: TtNyM...
2025-02-09 23:37:03.552 | DEBUG    | tumblr_bot:setup_client:78 - oauth_secret: k1aKV...
2025-02-09 23:37:06.935 | INFO     | tumblr_bot:setup_client:91 - API bağlantısı başarılı! Kullanıcı: thrasherq
2025-02-09 23:37:06.937 | INFO     | tumblr_bot:load_cache:165 - Yerel cache yüklendi: 976 post
2025-02-09 23:37:07.255 | INFO     | tumblr_bot:update_liked_posts_cache:189 - Son beğeniler yükleniyor...
2025-02-09 23:37:08.691 | INFO     | tumblr_bot:update_liked_posts_cache:201 - Toplam 13063 beğeni bulundu (Son 1000 beğeni yüklenecek)
2025-02-09 23:38:21.553 | WARNING  | tumblr_bot:update_liked_posts_cache:223 - DİKKAT: Toplam 13063 beğeniniz var, ancak API sınırlaması nedeniyle sadece son 1000 beğeni yüklenebildi
2025-02-09 23:38:21.554 | INFO     | tumblr_bot:update_liked_posts_cache:224 - Önceki beğeniler yerel cache'den kontrol edilecek
2025-02-09 23:38:21.556 | INFO     | tumblr_bot:update_liked_posts_cache:226 - Cache güncellendi: 0 yeni post eklendi (Toplam: 976)
2025-02-09 23:38:21.558 | DEBUG    | tumblr_bot:save_cache:177 - Cache güncellendi: 976 post kaydedildi
2025-02-09 23:39:22.115 | DEBUG    | tumblr_bot:setup_client:78 - consumer_key: 6v9zP...
2025-02-09 23:39:22.116 | DEBUG    | tumblr_bot:setup_client:78 - consumer_secret: o1HTP...
2025-02-09 23:39:22.117 | DEBUG    | tumblr_bot:setup_client:78 - oauth_token: TtNyM...
2025-02-09 23:39:22.117 | DEBUG    | tumblr_bot:setup_client:78 - oauth_secret: k1aKV...
2025-02-09 23:39:23.408 | INFO     | tumblr_bot:setup_client:91 - API bağlantısı başarılı! Kullanıcı: thrasherq
2025-02-09 23:39:23.421 | INFO     | tumblr_bot:load_cache:165 - Yerel cache yüklendi: 976 post
2025-02-09 23:39:23.751 | INFO     | tumblr_bot:update_liked_posts_cache:189 - Son beğeniler yükleniyor...
2025-02-09 23:39:25.189 | INFO     | tumblr_bot:update_liked_posts_cache:201 - Toplam 13063 beğeni bulundu (Son 1000 beğeni yüklenecek)
2025-02-09 23:40:13.189 | DEBUG    | tumblr_bot:setup_client:78 - consumer_key: 6v9zP...
2025-02-09 23:40:13.190 | DEBUG    | tumblr_bot:setup_client:78 - consumer_secret: o1HTP...
2025-02-09 23:40:13.190 | DEBUG    | tumblr_bot:setup_client:78 - oauth_token: TtNyM...
2025-02-09 23:40:13.191 | DEBUG    | tumblr_bot:setup_client:78 - oauth_secret: k1aKV...
2025-02-09 23:40:14.346 | INFO     | tumblr_bot:setup_client:91 - API bağlantısı başarılı! Kullanıcı: thrasherq
2025-02-09 23:40:14.348 | INFO     | tumblr_bot:load_cache:165 - Yerel cache yüklendi: 976 post
2025-02-09 23:40:14.641 | INFO     | tumblr_bot:update_liked_posts_cache:189 - Son beğeniler yükleniyor...
2025-02-09 23:40:16.110 | INFO     | tumblr_bot:update_liked_posts_cache:201 - Toplam 13063 beğeni bulundu (Son 1000 beğeni yüklenecek)
2025-02-09 23:40:36.907 | DEBUG    | tumblr_bot:setup_client:78 - consumer_key: 6v9zP...
2025-02-09 23:40:36.908 | DEBUG    | tumblr_bot:setup_client:78 - consumer_secret: o1HTP...
2025-02-09 23:40:36.908 | DEBUG    | tumblr_bot:setup_client:78 - oauth_token: TtNyM...
2025-02-09 23:40:36.909 | DEBUG    | tumblr_bot:setup_client:78 - oauth_secret: k1aKV...
2025-02-09 23:40:38.097 | INFO     | tumblr_bot:setup_client:91 - API bağlantısı başarılı! Kullanıcı: thrasherq
2025-02-09 23:40:38.100 | INFO     | tumblr_bot:load_cache:165 - Yerel cache yüklendi: 976 post
2025-02-09 23:40:38.391 | INFO     | tumblr_bot:update_liked_posts_cache:189 - Son beğeniler yükleniyor...
2025-02-09 23:40:39.857 | INFO     | tumblr_bot:update_liked_posts_cache:201 - Toplam 13063 beğeni bulundu (Son 1000 beğeni yüklenecek)
2025-02-09 23:40:53.843 | DEBUG    | tumblr_bot:setup_client:78 - consumer_key: 6v9zP...
2025-02-09 23:40:53.844 | DEBUG    | tumblr_bot:setup_client:78 - consumer_secret: o1HTP...
2025-02-09 23:40:53.844 | DEBUG    | tumblr_bot:setup_client:78 - oauth_token: TtNyM...
2025-02-09 23:40:53.845 | DEBUG    | tumblr_bot:setup_client:78 - oauth_secret: k1aKV...
2025-02-09 23:40:55.086 | INFO     | tumblr_bot:setup_client:91 - API bağlantısı başarılı! Kullanıcı: thrasherq
2025-02-09 23:40:55.088 | INFO     | tumblr_bot:load_cache:165 - Yerel cache yüklendi: 976 post
2025-02-09 23:40:55.388 | INFO     | tumblr_bot:update_liked_posts_cache:189 - Son beğeniler yükleniyor...
2025-02-09 23:40:56.769 | INFO     | tumblr_bot:update_liked_posts_cache:201 - Toplam 13063 beğeni bulundu (Son 1000 beğeni yüklenecek)
2025-02-09 23:41:19.535 | DEBUG    | tumblr_bot:setup_client:78 - consumer_key: 6v9zP...
2025-02-09 23:41:19.536 | DEBUG    | tumblr_bot:setup_client:78 - consumer_secret: o1HTP...
2025-02-09 23:41:19.537 | DEBUG    | tumblr_bot:setup_client:78 - oauth_token: TtNyM...
2025-02-09 23:41:19.537 | DEBUG    | tumblr_bot:setup_client:78 - oauth_secret: k1aKV...
2025-02-09 23:41:20.764 | INFO     | tumblr_bot:setup_client:91 - API bağlantısı başarılı! Kullanıcı: thrasherq
2025-02-09 23:41:20.766 | INFO     | tumblr_bot:load_cache:165 - Yerel cache yüklendi: 976 post
2025-02-09 23:41:21.059 | INFO     | tumblr_bot:update_liked_posts_cache:189 - Son beğeniler yükleniyor...
2025-02-09 23:41:22.636 | INFO     | tumblr_bot:update_liked_posts_cache:201 - Toplam 13063 beğeni bulundu (Son 1000 beğeni yüklenecek)
2025-02-09 23:41:39.291 | DEBUG    | tumblr_bot:setup_client:78 - consumer_key: 6v9zP...
2025-02-09 23:41:39.292 | DEBUG    | tumblr_bot:setup_client:78 - consumer_secret: o1HTP...
2025-02-09 23:41:39.293 | DEBUG    | tumblr_bot:setup_client:78 - oauth_token: TtNyM...
2025-02-09 23:41:39.294 | DEBUG    | tumblr_bot:setup_client:78 - oauth_secret: k1aKV...
2025-02-09 23:41:40.545 | INFO     | tumblr_bot:setup_client:91 - API bağlantısı başarılı! Kullanıcı: thrasherq
2025-02-09 23:41:40.546 | INFO     | tumblr_bot:load_cache:165 - Yerel cache yüklendi: 976 post
2025-02-09 23:41:40.859 | INFO     | tumblr_bot:update_liked_posts_cache:189 - Son beğeniler yükleniyor...
2025-02-09 23:41:42.278 | INFO     | tumblr_bot:update_liked_posts_cache:201 - Toplam 13063 beğeni bulundu (Son 1000 beğeni yüklenecek)
2025-02-09 23:43:37.635 | DEBUG    | tumblr_bot:setup_client:78 - consumer_key: 6v9zP...
2025-02-09 23:43:37.636 | DEBUG    | tumblr_bot:setup_client:78 - consumer_secret: o1HTP...
2025-02-09 23:43:37.637 | DEBUG    | tumblr_bot:setup_client:78 - oauth_token: TtNyM...
2025-02-09 23:43:37.638 | DEBUG    | tumblr_bot:setup_client:78 - oauth_secret: k1aKV...
2025-02-09 23:43:39.312 | INFO     | tumblr_bot:setup_client:91 - API bağlantısı başarılı! Kullanıcı: thrasherq
2025-02-09 23:43:39.316 | INFO     | tumblr_bot:load_cache:165 - Yerel cache yüklendi: 976 post
2025-02-09 23:43:39.615 | INFO     | tumblr_bot:update_liked_posts_cache:189 - Son beğeniler yükleniyor...
2025-02-09 23:43:41.082 | INFO     | tumblr_bot:update_liked_posts_cache:201 - Toplam 13063 beğeni bulundu (Son 1000 beğeni yüklenecek)
2025-02-09 23:44:34.296 | DEBUG    | tumblr_bot:setup_client:78 - consumer_key: 6v9zP...
2025-02-09 23:44:34.296 | DEBUG    | tumblr_bot:setup_client:78 - consumer_secret: o1HTP...
2025-02-09 23:44:34.297 | DEBUG    | tumblr_bot:setup_client:78 - oauth_token: TtNyM...
2025-02-09 23:44:34.298 | DEBUG    | tumblr_bot:setup_client:78 - oauth_secret: k1aKV...
2025-02-09 23:44:35.628 | INFO     | tumblr_bot:setup_client:91 - API bağlantısı başarılı! Kullanıcı: thrasherq
2025-02-09 23:44:35.629 | INFO     | tumblr_bot:load_cache:165 - Yerel cache yüklendi: 976 post
2025-02-09 23:44:35.919 | INFO     | tumblr_bot:update_liked_posts_cache:189 - Son beğeniler yükleniyor...
2025-02-09 23:44:37.216 | INFO     | tumblr_bot:update_liked_posts_cache:201 - Toplam 13063 beğeni bulundu (Son 1000 beğeni yüklenecek)
2025-02-09 23:47:42.062 | DEBUG    | tumblr_bot:setup_client:78 - consumer_key: 6v9zP...
2025-02-09 23:47:42.063 | DEBUG    | tumblr_bot:setup_client:78 - consumer_secret: o1HTP...
2025-02-09 23:47:42.064 | DEBUG    | tumblr_bot:setup_client:78 - oauth_token: TtNyM...
2025-02-09 23:47:42.064 | DEBUG    | tumblr_bot:setup_client:78 - oauth_secret: k1aKV...
2025-02-09 23:47:43.234 | INFO     | tumblr_bot:setup_client:91 - API bağlantısı başarılı! Kullanıcı: thrasherq
2025-02-09 23:47:43.253 | INFO     | tumblr_bot:load_cache:165 - Yerel cache yüklendi: 976 post
2025-02-09 23:47:43.535 | INFO     | tumblr_bot:update_liked_posts_cache:189 - Son beğeniler yükleniyor...
2025-02-09 23:47:44.834 | INFO     | tumblr_bot:update_liked_posts_cache:201 - Toplam 13063 beğeni bulundu (Son 1000 beğeni yüklenecek)
2025-02-09 23:47:49.225 | DEBUG    | tumblr_bot:setup_client:78 - consumer_key: 6v9zP...
2025-02-09 23:47:49.225 | DEBUG    | tumblr_bot:setup_client:78 - consumer_key: 6v9zP...
2025-02-09 23:47:49.226 | DEBUG    | tumblr_bot:setup_client:78 - consumer_secret: o1HTP...
2025-02-09 23:47:49.226 | DEBUG    | tumblr_bot:setup_client:78 - consumer_secret: o1HTP...
2025-02-09 23:47:49.227 | DEBUG    | tumblr_bot:setup_client:78 - oauth_token: TtNyM...
2025-02-09 23:47:49.227 | DEBUG    | tumblr_bot:setup_client:78 - oauth_token: TtNyM...
2025-02-09 23:47:49.228 | DEBUG    | tumblr_bot:setup_client:78 - oauth_secret: k1aKV...
2025-02-09 23:47:49.228 | DEBUG    | tumblr_bot:setup_client:78 - oauth_secret: k1aKV...
2025-02-09 23:47:50.448 | INFO     | tumblr_bot:setup_client:91 - API bağlantısı başarılı! Kullanıcı: thrasherq
2025-02-09 23:47:50.448 | INFO     | tumblr_bot:setup_client:91 - API bağlantısı başarılı! Kullanıcı: thrasherq
2025-02-09 23:47:50.450 | INFO     | tumblr_bot:load_cache:165 - Yerel cache yüklendi: 976 post
2025-02-09 23:47:50.450 | INFO     | tumblr_bot:load_cache:165 - Yerel cache yüklendi: 976 post
2025-02-09 23:48:00.505 | DEBUG    | tumblr_bot:setup_client:78 - consumer_key: 6v9zP...
2025-02-09 23:48:00.505 | DEBUG    | tumblr_bot:setup_client:78 - consumer_key: 6v9zP...
2025-02-09 23:48:00.505 | DEBUG    | tumblr_bot:setup_client:78 - consumer_key: 6v9zP...
2025-02-09 23:48:00.506 | DEBUG    | tumblr_bot:setup_client:78 - consumer_secret: o1HTP...
2025-02-09 23:48:00.506 | DEBUG    | tumblr_bot:setup_client:78 - consumer_secret: o1HTP...
2025-02-09 23:48:00.506 | DEBUG    | tumblr_bot:setup_client:78 - consumer_secret: o1HTP...
2025-02-09 23:48:00.507 | DEBUG    | tumblr_bot:setup_client:78 - oauth_token: TtNyM...
2025-02-09 23:48:00.507 | DEBUG    | tumblr_bot:setup_client:78 - oauth_token: TtNyM...
2025-02-09 23:48:00.507 | DEBUG    | tumblr_bot:setup_client:78 - oauth_token: TtNyM...
2025-02-09 23:48:00.507 | DEBUG    | tumblr_bot:setup_client:78 - oauth_secret: k1aKV...
2025-02-09 23:48:00.507 | DEBUG    | tumblr_bot:setup_client:78 - oauth_secret: k1aKV...
2025-02-09 23:48:00.507 | DEBUG    | tumblr_bot:setup_client:78 - oauth_secret: k1aKV...
2025-02-09 23:48:01.761 | INFO     | tumblr_bot:setup_client:91 - API bağlantısı başarılı! Kullanıcı: thrasherq
2025-02-09 23:48:01.761 | INFO     | tumblr_bot:setup_client:91 - API bağlantısı başarılı! Kullanıcı: thrasherq
2025-02-09 23:48:01.761 | INFO     | tumblr_bot:setup_client:91 - API bağlantısı başarılı! Kullanıcı: thrasherq
2025-02-09 23:48:01.763 | INFO     | tumblr_bot:load_cache:165 - Yerel cache yüklendi: 976 post
2025-02-09 23:48:01.763 | INFO     | tumblr_bot:load_cache:165 - Yerel cache yüklendi: 976 post
2025-02-09 23:48:01.763 | INFO     | tumblr_bot:load_cache:165 - Yerel cache yüklendi: 976 post
2025-02-09 23:48:03.592 | DEBUG    | tumblr_bot:setup_client:78 - consumer_key: 6v9zP...
2025-02-09 23:48:03.592 | DEBUG    | tumblr_bot:setup_client:78 - consumer_key: 6v9zP...
2025-02-09 23:48:03.592 | DEBUG    | tumblr_bot:setup_client:78 - consumer_key: 6v9zP...
2025-02-09 23:48:03.592 | DEBUG    | tumblr_bot:setup_client:78 - consumer_key: 6v9zP...
2025-02-09 23:48:03.594 | DEBUG    | tumblr_bot:setup_client:78 - consumer_secret: o1HTP...
2025-02-09 23:48:03.594 | DEBUG    | tumblr_bot:setup_client:78 - consumer_secret: o1HTP...
2025-02-09 23:48:03.594 | DEBUG    | tumblr_bot:setup_client:78 - consumer_secret: o1HTP...
2025-02-09 23:48:03.594 | DEBUG    | tumblr_bot:setup_client:78 - consumer_secret: o1HTP...
2025-02-09 23:48:03.596 | DEBUG    | tumblr_bot:setup_client:78 - oauth_token: TtNyM...
2025-02-09 23:48:03.596 | DEBUG    | tumblr_bot:setup_client:78 - oauth_token: TtNyM...
2025-02-09 23:48:03.596 | DEBUG    | tumblr_bot:setup_client:78 - oauth_token: TtNyM...
2025-02-09 23:48:03.596 | DEBUG    | tumblr_bot:setup_client:78 - oauth_token: TtNyM...
2025-02-09 23:48:03.597 | DEBUG    | tumblr_bot:setup_client:78 - oauth_secret: k1aKV...
2025-02-09 23:48:03.597 | DEBUG    | tumblr_bot:setup_client:78 - oauth_secret: k1aKV...
2025-02-09 23:48:03.597 | DEBUG    | tumblr_bot:setup_client:78 - oauth_secret: k1aKV...
2025-02-09 23:48:03.597 | DEBUG    | tumblr_bot:setup_client:78 - oauth_secret: k1aKV...
2025-02-09 23:48:04.774 | INFO     | tumblr_bot:setup_client:91 - API bağlantısı başarılı! Kullanıcı: thrasherq
2025-02-09 23:48:04.774 | INFO     | tumblr_bot:setup_client:91 - API bağlantısı başarılı! Kullanıcı: thrasherq
2025-02-09 23:48:04.774 | INFO     | tumblr_bot:setup_client:91 - API bağlantısı başarılı! Kullanıcı: thrasherq
2025-02-09 23:48:04.774 | INFO     | tumblr_bot:setup_client:91 - API bağlantısı başarılı! Kullanıcı: thrasherq
2025-02-09 23:48:04.778 | INFO     | tumblr_bot:load_cache:165 - Yerel cache yüklendi: 976 post
2025-02-09 23:48:04.778 | INFO     | tumblr_bot:load_cache:165 - Yerel cache yüklendi: 976 post
2025-02-09 23:48:04.778 | INFO     | tumblr_bot:load_cache:165 - Yerel cache yüklendi: 976 post
2025-02-09 23:48:04.778 | INFO     | tumblr_bot:load_cache:165 - Yerel cache yüklendi: 976 post
2025-02-09 23:48:29.864 | DEBUG    | tumblr_bot:setup_client:78 - consumer_key: 6v9zP...
2025-02-09 23:48:29.867 | DEBUG    | tumblr_bot:setup_client:78 - consumer_secret: o1HTP...
2025-02-09 23:48:29.868 | DEBUG    | tumblr_bot:setup_client:78 - oauth_token: TtNyM...
2025-02-09 23:48:29.869 | DEBUG    | tumblr_bot:setup_client:78 - oauth_secret: k1aKV...
2025-02-09 23:48:31.036 | INFO     | tumblr_bot:setup_client:91 - API bağlantısı başarılı! Kullanıcı: thrasherq
2025-02-09 23:48:31.038 | INFO     | tumblr_bot:load_cache:165 - Yerel cache yüklendi: 976 post
2025-02-09 23:49:12.932 | DEBUG    | tumblr_bot:setup_client:78 - consumer_key: 6v9zP...
2025-02-09 23:49:12.933 | DEBUG    | tumblr_bot:setup_client:78 - consumer_secret: o1HTP...
2025-02-09 23:49:12.933 | DEBUG    | tumblr_bot:setup_client:78 - oauth_token: TtNyM...
2025-02-09 23:49:12.934 | DEBUG    | tumblr_bot:setup_client:78 - oauth_secret: k1aKV...
2025-02-09 23:49:14.166 | INFO     | tumblr_bot:setup_client:91 - API bağlantısı başarılı! Kullanıcı: thrasherq
2025-02-09 23:49:14.178 | INFO     | tumblr_bot:load_cache:173 - Yerel cache yüklendi: 976 post
2025-02-09 23:49:14.473 | INFO     | tumblr_bot:update_liked_posts_cache:197 - Son beğeniler yükleniyor...
2025-02-09 23:49:15.908 | INFO     | tumblr_bot:update_liked_posts_cache:209 - Toplam 13063 beğeni bulundu (Son 1000 beğeni yüklenecek)
2025-02-09 23:56:24.394 | DEBUG    | tumblr_bot:setup_client:78 - consumer_key: 6v9zP...
2025-02-09 23:56:24.395 | DEBUG    | tumblr_bot:setup_client:78 - consumer_secret: o1HTP...
2025-02-09 23:56:24.396 | DEBUG    | tumblr_bot:setup_client:78 - oauth_token: TtNyM...
2025-02-09 23:56:24.396 | DEBUG    | tumblr_bot:setup_client:78 - oauth_secret: k1aKV...
2025-02-09 23:56:25.879 | INFO     | tumblr_bot:setup_client:91 - API bağlantısı başarılı! Kullanıcı: thrasherq
2025-02-09 23:56:25.883 | INFO     | tumblr_bot:load_cache:173 - Yerel cache yüklendi: 978 post
2025-02-09 23:56:26.199 | INFO     | tumblr_bot:update_liked_posts_cache:197 - Son beğeniler yükleniyor...
2025-02-09 23:56:27.511 | INFO     | tumblr_bot:update_liked_posts_cache:209 - Toplam 13065 beğeni bulundu (Son 1000 beğeni yüklenecek)
2025-02-09 23:56:28.528 | INFO     | language_manager:set_language:42 - Dil değiştirildi: en
2025-02-09 23:58:21.228 | DEBUG    | tumblr_bot:setup_client:78 - consumer_key: 6v9zP...
2025-02-09 23:58:21.229 | DEBUG    | tumblr_bot:setup_client:78 - consumer_secret: o1HTP...
2025-02-09 23:58:21.229 | DEBUG    | tumblr_bot:setup_client:78 - oauth_token: TtNyM...
2025-02-09 23:58:21.230 | DEBUG    | tumblr_bot:setup_client:78 - oauth_secret: k1aKV...
2025-02-09 23:58:22.416 | INFO     | tumblr_bot:setup_client:91 - API bağlantısı başarılı! Kullanıcı: thrasherq
2025-02-09 23:58:22.419 | INFO     | tumblr_bot:load_cache:173 - Yerel cache yüklendi: 978 post
2025-02-09 23:58:22.440 | ERROR    | language_manager:get_text:75 - Metin getirilirken hata: 'str' object has no attribute 'get'
2025-02-09 23:58:22.721 | INFO     | tumblr_bot:update_liked_posts_cache:197 - Son beğeniler yükleniyor...
2025-02-09 23:58:24.295 | INFO     | tumblr_bot:update_liked_posts_cache:209 - Toplam 13065 beğeni bulundu (Son 1000 beğeni yüklenecek)
2025-02-09 23:58:26.518 | INFO     | language_manager:set_language:42 - Dil değiştirildi: en
2025-02-09 23:58:26.519 | ERROR    | language_manager:get_text:75 - Metin getirilirken hata: 'str' object has no attribute 'get'
2025-02-09 23:59:02.701 | INFO     | language_manager:set_language:42 - Dil değiştirildi: tr
2025-02-09 23:59:02.702 | ERROR    | language_manager:get_text:75 - Metin getirilirken hata: 'str' object has no attribute 'get'
2025-02-09 23:59:04.285 | INFO     | language_manager:set_language:42 - Dil değiştirildi: en
2025-02-09 23:59:04.286 | ERROR    | language_manager:get_text:75 - Metin getirilirken hata: 'str' object has no attribute 'get'
2025-02-09 23:59:10.245 | DEBUG    | tumblr_bot:setup_client:78 - consumer_key: 6v9zP...
2025-02-09 23:59:10.245 | DEBUG    | tumblr_bot:setup_client:78 - consumer_secret: o1HTP...
2025-02-09 23:59:10.247 | DEBUG    | tumblr_bot:setup_client:78 - oauth_token: TtNyM...
2025-02-09 23:59:10.248 | DEBUG    | tumblr_bot:setup_client:78 - oauth_secret: k1aKV...
2025-02-09 23:59:11.534 | INFO     | tumblr_bot:setup_client:91 - API bağlantısı başarılı! Kullanıcı: thrasherq
2025-02-09 23:59:11.536 | INFO     | tumblr_bot:load_cache:173 - Yerel cache yüklendi: 978 post
2025-02-09 23:59:11.550 | WARNING  | language_manager:get_text:60 - Geçersiz anahtar yolu: gui.logging.title, mevcut değer: 
2025-02-09 23:59:11.820 | INFO     | tumblr_bot:update_liked_posts_cache:197 - Son beğeniler yükleniyor...
2025-02-09 23:59:13.107 | INFO     | tumblr_bot:update_liked_posts_cache:209 - Toplam 13065 beğeni bulundu (Son 1000 beğeni yüklenecek)
2025-02-09 23:59:16.485 | INFO     | language_manager:set_language:42 - Dil değiştirildi: en
2025-02-09 23:59:16.486 | WARNING  | language_manager:get_text:60 - Geçersiz anahtar yolu: gui.logging.title, mevcut değer: 
2025-02-09 23:59:20.485 | INFO     | language_manager:set_language:42 - Dil değiştirildi: tr
2025-02-09 23:59:20.486 | WARNING  | language_manager:get_text:60 - Geçersiz anahtar yolu: gui.logging.title, mevcut değer: 
2025-02-09 23:59:21.469 | INFO     | language_manager:set_language:42 - Dil değiştirildi: en
2025-02-09 23:59:21.470 | WARNING  | language_manager:get_text:60 - Geçersiz anahtar yolu: gui.logging.title, mevcut değer: 
2025-02-10 00:00:28.699 | DEBUG    | tumblr_bot:setup_client:78 - consumer_key: 6v9zP...
2025-02-10 00:00:28.700 | DEBUG    | tumblr_bot:setup_client:78 - consumer_secret: o1HTP...
2025-02-10 00:00:28.700 | DEBUG    | tumblr_bot:setup_client:78 - oauth_token: TtNyM...
2025-02-10 00:00:28.701 | DEBUG    | tumblr_bot:setup_client:78 - oauth_secret: k1aKV...
2025-02-10 00:00:29.873 | INFO     | tumblr_bot:setup_client:91 - API bağlantısı başarılı! Kullanıcı: thrasherq
2025-02-10 00:00:29.875 | INFO     | tumblr_bot:load_cache:173 - Yerel cache yüklendi: 978 post
2025-02-10 00:00:30.160 | INFO     | tumblr_bot:update_liked_posts_cache:197 - Son beğeniler yükleniyor...
2025-02-10 00:00:32.387 | INFO     | tumblr_bot:update_liked_posts_cache:209 - Toplam 13065 beğeni bulundu (Son 1000 beğeni yüklenecek)
2025-02-10 00:00:33.404 | INFO     | language_manager:set_language:42 - Dil değiştirildi: en
2025-02-10 00:00:36.012 | INFO     | language_manager:set_language:42 - Dil değiştirildi: tr
2025-02-10 00:00:37.260 | INFO     | language_manager:set_language:42 - Dil değiştirildi: en
2025-02-10 00:01:44.755 | WARNING  | tumblr_bot:update_liked_posts_cache:231 - DİKKAT: Toplam 13065 beğeniniz var, ancak API sınırlaması nedeniyle sadece son 1000 beğeni yüklenebildi
2025-02-10 00:01:44.757 | INFO     | tumblr_bot:update_liked_posts_cache:232 - Önceki beğeniler yerel cache'den kontrol edilecek
2025-02-10 00:01:44.757 | INFO     | tumblr_bot:update_liked_posts_cache:234 - Cache güncellendi: 0 yeni post eklendi (Toplam: 978)
2025-02-10 00:01:44.759 | DEBUG    | tumblr_bot:save_cache:185 - Cache güncellendi: 978 post kaydedildi
2025-02-10 00:02:01.672 | DEBUG    | tumblr_bot:setup_client:78 - consumer_key: 6v9zP...
2025-02-10 00:02:01.673 | DEBUG    | tumblr_bot:setup_client:78 - consumer_secret: o1HTP...
2025-02-10 00:02:01.675 | DEBUG    | tumblr_bot:setup_client:78 - oauth_token: TtNyM...
2025-02-10 00:02:01.677 | DEBUG    | tumblr_bot:setup_client:78 - oauth_secret: k1aKV...
2025-02-10 00:02:03.018 | INFO     | tumblr_bot:setup_client:91 - API bağlantısı başarılı! Kullanıcı: thrasherq
2025-02-10 00:02:03.030 | INFO     | tumblr_bot:load_cache:173 - Yerel cache yüklendi: 978 post
2025-02-10 00:02:03.391 | INFO     | tumblr_bot:update_liked_posts_cache:197 - Son beğeniler yükleniyor...
2025-02-10 00:02:04.846 | INFO     | tumblr_bot:update_liked_posts_cache:209 - Toplam 13065 beğeni bulundu (Son 1000 beğeni yüklenecek)
2025-02-10 00:02:05.259 | INFO     | language_manager:set_language:42 - Dil değiştirildi: en
2025-02-10 00:02:08.939 | INFO     | language_manager:set_language:42 - Dil değiştirildi: tr
2025-02-10 00:02:09.691 | INFO     | language_manager:set_language:42 - Dil değiştirildi: en
2025-02-10 00:02:14.947 | INFO     | language_manager:set_language:42 - Dil değiştirildi: tr
2025-02-10 00:02:16.019 | INFO     | language_manager:set_language:42 - Dil değiştirildi: en
2025-02-10 00:02:52.746 | DEBUG    | tumblr_bot:setup_client:78 - consumer_key: 6v9zP...
2025-02-10 00:02:52.747 | DEBUG    | tumblr_bot:setup_client:78 - consumer_secret: o1HTP...
2025-02-10 00:02:52.747 | DEBUG    | tumblr_bot:setup_client:78 - oauth_token: TtNyM...
2025-02-10 00:02:52.750 | DEBUG    | tumblr_bot:setup_client:78 - oauth_secret: k1aKV...
2025-02-10 00:02:55.892 | INFO     | tumblr_bot:setup_client:91 - API bağlantısı başarılı! Kullanıcı: thrasherq
2025-02-10 00:02:55.894 | INFO     | tumblr_bot:load_cache:173 - Yerel cache yüklendi: 978 post
2025-02-10 00:02:56.268 | INFO     | tumblr_bot:update_liked_posts_cache:197 - Son beğeniler yükleniyor...
2025-02-10 00:02:57.774 | INFO     | tumblr_bot:update_liked_posts_cache:209 - Toplam 13065 beğeni bulundu (Son 1000 beğeni yüklenecek)
2025-02-10 00:03:04.459 | INFO     | language_manager:set_language:42 - Dil değiştirildi: en
2025-02-10 00:04:55.524 | DEBUG    | tumblr_bot:setup_client:78 - consumer_key: 6v9zP...
2025-02-10 00:04:55.525 | DEBUG    | tumblr_bot:setup_client:78 - consumer_secret: o1HTP...
2025-02-10 00:04:55.526 | DEBUG    | tumblr_bot:setup_client:78 - oauth_token: TtNyM...
2025-02-10 00:04:55.526 | DEBUG    | tumblr_bot:setup_client:78 - oauth_secret: k1aKV...
2025-02-10 00:04:56.746 | INFO     | tumblr_bot:setup_client:91 - API bağlantısı başarılı! Kullanıcı: thrasherq
2025-02-10 00:04:56.759 | INFO     | tumblr_bot:load_cache:173 - Yerel cache yüklendi: 978 post
2025-02-10 00:04:57.073 | INFO     | tumblr_bot:update_liked_posts_cache:197 - Son beğeniler yükleniyor...
2025-02-10 00:04:58.457 | INFO     | language_manager:set_language:42 - Dil değiştirildi: en
2025-02-10 00:04:58.507 | INFO     | tumblr_bot:update_liked_posts_cache:209 - Toplam 13065 beğeni bulundu (Son 1000 beğeni yüklenecek)
2025-02-10 00:06:24.698 | DEBUG    | tumblr_bot:setup_client:78 - consumer_key: 6v9zP...
2025-02-10 00:06:24.701 | DEBUG    | tumblr_bot:setup_client:78 - consumer_secret: o1HTP...
2025-02-10 00:06:24.702 | DEBUG    | tumblr_bot:setup_client:78 - oauth_token: TtNyM...
2025-02-10 00:06:24.702 | DEBUG    | tumblr_bot:setup_client:78 - oauth_secret: k1aKV...
2025-02-10 00:06:27.506 | INFO     | tumblr_bot:setup_client:91 - API bağlantısı başarılı! Kullanıcı: thrasherq
2025-02-10 00:06:27.508 | INFO     | tumblr_bot:load_cache:173 - Yerel cache yüklendi: 978 post
2025-02-10 00:06:27.822 | INFO     | tumblr_bot:update_liked_posts_cache:197 - Son beğeniler yükleniyor...
2025-02-10 00:06:29.606 | INFO     | tumblr_bot:update_liked_posts_cache:209 - Toplam 13065 beğeni bulundu (Son 1000 beğeni yüklenecek)
2025-02-10 00:06:30.816 | INFO     | language_manager:set_language:42 - Dil değiştirildi: en
2025-02-10 00:11:06.071 | DEBUG    | tumblr_bot:setup_client:82 - consumer_key anahtarı: 6v9zP...
2025-02-10 00:11:06.072 | DEBUG    | tumblr_bot:setup_client:82 - consumer_secret anahtarı: o1HTP...
2025-02-10 00:11:06.072 | DEBUG    | tumblr_bot:setup_client:82 - oauth_token anahtarı: TtNyM...
2025-02-10 00:11:06.073 | DEBUG    | tumblr_bot:setup_client:82 - oauth_secret anahtarı: k1aKV...
2025-02-10 00:11:08.426 | INFO     | tumblr_bot:setup_client:95 - API bağlantısı başarılı! Kullanıcı: thrasherq
2025-02-10 00:11:08.428 | INFO     | tumblr_bot:load_cache:179 - Yerel cache yüklendi: 978 post
2025-02-10 00:11:08.726 | WARNING  | language_manager:get_text:65 - Çeviri bulunamadı: bot.logs.cache_updating
2025-02-10 00:11:08.752 | INFO     | tumblr_bot:update_liked_posts_cache:203 - bot.logs.cache_updating
2025-02-10 00:11:10.090 | INFO     | tumblr_bot:update_liked_posts_cache:215 - Toplam 13065 beğeni bulundu (Son 1000 beğeni yüklenecek)
2025-02-10 00:11:10.477 | INFO     | language_manager:set_language:42 - Dil değiştirildi: en
2025-02-10 00:11:21.254 | WARNING  | tumblr_bot:update_liked_posts_cache:237 - DİKKAT: Toplam 13065 beğeniniz var, ancak API sınırlaması nedeniyle sadece son 1000 beğeni yüklenebildi
2025-02-10 00:11:21.255 | INFO     | tumblr_bot:update_liked_posts_cache:238 - Önceki beğeniler yerel cacheden kontrol edilecek
2025-02-10 00:11:21.256 | INFO     | tumblr_bot:update_liked_posts_cache:240 - Cache güncellendi: 0 yeni post eklendi (Toplam: 978)
2025-02-10 00:11:21.258 | DEBUG    | tumblr_bot:save_cache:191 - Cache güncellendi: 978 post kaydedildi
2025-02-10 00:11:44.313 | DEBUG    | tumblr_bot:setup_client:82 - consumer_key anahtarı: 6v9zP...
2025-02-10 00:11:44.313 | DEBUG    | tumblr_bot:setup_client:82 - consumer_key anahtarı: 6v9zP...
2025-02-10 00:11:44.314 | DEBUG    | tumblr_bot:setup_client:82 - consumer_secret anahtarı: o1HTP...
2025-02-10 00:11:44.314 | DEBUG    | tumblr_bot:setup_client:82 - consumer_secret anahtarı: o1HTP...
2025-02-10 00:11:44.315 | DEBUG    | tumblr_bot:setup_client:82 - oauth_token anahtarı: TtNyM...
2025-02-10 00:11:44.315 | DEBUG    | tumblr_bot:setup_client:82 - oauth_token anahtarı: TtNyM...
2025-02-10 00:11:44.316 | DEBUG    | tumblr_bot:setup_client:82 - oauth_secret anahtarı: k1aKV...
2025-02-10 00:11:44.316 | DEBUG    | tumblr_bot:setup_client:82 - oauth_secret anahtarı: k1aKV...
2025-02-10 00:11:48.077 | ERROR    | tumblr_bot:setup_client:100 - API bağlantı hatası: API yanıt verdi fakat kullanıcı bilgisi alınamadı
2025-02-10 00:11:48.077 | ERROR    | tumblr_bot:setup_client:100 - API bağlantı hatası: API yanıt verdi fakat kullanıcı bilgisi alınamadı
2025-02-10 00:14:56.538 | ERROR    | tumblr_bot:setup_client:99 - API bağlantı hatası: API yanıt verdi fakat kullanıcı bilgisi alınamadı
2025-02-10 00:16:25.854 | INFO     | tumblr_bot:setup_client:94 - API bağlantısı başarılı! Kullanıcı: thrasherq
2025-02-10 00:16:25.856 | INFO     | tumblr_bot:load_cache:178 - Yerel cache yüklendi: 978 post
2025-02-10 00:16:26.184 | WARNING  | language_manager:get_text:65 - Çeviri bulunamadı: bot.logs.cache_updating
2025-02-10 00:16:26.215 | INFO     | tumblr_bot:update_liked_posts_cache:202 - bot.logs.cache_updating
2025-02-10 00:16:28.718 | INFO     | tumblr_bot:update_liked_posts_cache:214 - Toplam 13065 beğeni bulundu (Son 1000 beğeni yüklenecek)
2025-02-10 00:16:29.665 | INFO     | language_manager:set_language:42 - Language changed to: en
2025-02-10 00:17:03.477 | INFO     | tumblr_bot:setup_client:94 - API bağlantısı başarılı! Kullanıcı: thrasherq
2025-02-10 00:17:03.482 | INFO     | tumblr_bot:load_cache:178 - Yerel cache yüklendi: 978 post
2025-02-10 00:17:03.485 | WARNING  | language_manager:get_text:65 - Translation not found: gui.messages.settings_updated
2025-02-10 00:18:59.327 | INFO     | tumblr_bot:setup_client:94 - API bağlantısı başarılı! Kullanıcı: thrasherq
2025-02-10 00:18:59.351 | INFO     | tumblr_bot:load_cache:178 - Yerel cache yüklendi: 979 post
2025-02-10 00:18:59.650 | INFO     | tumblr_bot:update_liked_posts_cache:202 - Cache güncelleniyor...
2025-02-10 00:19:01.017 | INFO     | tumblr_bot:update_liked_posts_cache:214 - Toplam 13066 beğeni bulundu (Son 1000 beğeni yüklenecek)
2025-02-10 00:19:02.303 | INFO     | language_manager:set_language:42 - Language changed to: en
2025-02-10 00:19:40.047 | INFO     | tumblr_bot:setup_client:94 - API bağlantısı başarılı! Kullanıcı: thrasherq
2025-02-10 00:19:40.049 | INFO     | tumblr_bot:load_cache:178 - Yerel cache yüklendi: 979 post
2025-02-10 00:19:40.380 | INFO     | tumblr_bot:update_liked_posts_cache:202 - Cache güncelleniyor...
2025-02-10 00:19:41.343 | INFO     | language_manager:set_language:42 - Language changed to: en
2025-02-10 00:19:41.781 | INFO     | tumblr_bot:update_liked_posts_cache:214 - Toplam 13066 beğeni bulundu (Son 1000 beğeni yüklenecek)
2025-02-10 00:19:52.593 | INFO     | tumblr_bot:setup_client:94 - API bağlantısı başarılı! Kullanıcı: thrasherq
2025-02-10 00:19:52.597 | INFO     | tumblr_bot:load_cache:178 - Yerel cache yüklendi: 979 post
2025-02-10 00:19:52.918 | INFO     | tumblr_bot:update_liked_posts_cache:202 - Cache güncelleniyor...
2025-02-10 00:19:54.299 | INFO     | tumblr_bot:update_liked_posts_cache:214 - Toplam 13066 beğeni bulundu (Son 1000 beğeni yüklenecek)
2025-02-10 00:19:54.527 | INFO     | language_manager:set_language:42 - Language changed to: en
2025-02-10 00:21:03.770 | INFO     | tumblr_bot:setup_client:94 - API bağlantısı başarılı! Kullanıcı: thrasherq
2025-02-10 00:21:03.772 | INFO     | tumblr_bot:load_cache:178 - Yerel cache yüklendi: 979 post
2025-02-10 00:21:04.323 | INFO     | tumblr_bot:update_liked_posts_cache:202 - Cache güncelleniyor...
2025-02-10 00:21:05.766 | INFO     | tumblr_bot:update_liked_posts_cache:214 - Toplam 13066 beğeni bulundu (Son 1000 beğeni yüklenecek)
2025-02-10 00:21:06.166 | INFO     | language_manager:set_language:42 - Language changed to: en
2025-02-10 00:21:16.367 | INFO     | tumblr_bot:setup_client:94 - API bağlantısı başarılı! Kullanıcı: thrasherq
2025-02-10 00:21:16.371 | INFO     | tumblr_bot:load_cache:178 - Yerel cache yüklendi: 979 post
2025-02-10 00:21:16.686 | INFO     | tumblr_bot:update_liked_posts_cache:202 - Cache güncelleniyor...
2025-02-10 00:21:18.071 | INFO     | tumblr_bot:update_liked_posts_cache:214 - Toplam 13066 beğeni bulundu (Son 1000 beğeni yüklenecek)
2025-02-10 00:21:18.270 | INFO     | language_manager:set_language:42 - Language changed to: en
2025-02-10 00:25:12.513 | INFO     | tumblr_bot:setup_client:94 - API bağlantısı başarılı! Kullanıcı: thrasherq
2025-02-10 00:25:12.515 | INFO     | tumblr_bot:load_cache:178 - Yerel cache yüklendi: 979 post
2025-02-10 00:25:12.537 | INFO     | tumblr_bot:update_liked_posts_cache:202 - Cache güncelleniyor...
2025-02-10 00:25:14.006 | INFO     | tumblr_bot:update_liked_posts_cache:214 - Toplam 13066 beğeni bulundu (Son 1000 beğeni yüklenecek)
2025-02-10 00:27:03.711 | INFO     | tumblr_bot:setup_client:94 - API bağlantısı başarılı! Kullanıcı: thrasherq
2025-02-10 00:27:03.713 | INFO     | tumblr_bot:load_cache:178 - Yerel cache yüklendi: 979 post
2025-02-10 00:27:03.903 | INFO     | tumblr_bot:update_liked_posts_cache:202 - Cache güncelleniyor...
2025-02-10 00:27:05.185 | INFO     | tumblr_bot:update_liked_posts_cache:214 - Toplam 13066 beğeni bulundu (Son 1000 beğeni yüklenecek)
2025-02-10 00:27:51.416 | INFO     | tumblr_bot:setup_client:94 - API bağlantısı başarılı! Kullanıcı: thrasherq
2025-02-10 00:27:51.420 | INFO     | tumblr_bot:load_cache:178 - Yerel cache yüklendi: 979 post
2025-02-10 00:27:51.720 | INFO     | tumblr_bot:update_liked_posts_cache:202 - Cache güncelleniyor...
2025-02-10 00:27:53.098 | INFO     | tumblr_bot:update_liked_posts_cache:214 - Toplam 13066 beğeni bulundu (Son 1000 beğeni yüklenecek)
2025-02-10 00:28:11.606 | INFO     | tumblr_bot:setup_client:94 - API bağlantısı başarılı! Kullanıcı: thrasherq
2025-02-10 00:28:11.609 | INFO     | tumblr_bot:load_cache:178 - Yerel cache yüklendi: 979 post
2025-02-10 00:28:11.882 | INFO     | tumblr_bot:update_liked_posts_cache:202 - Cache güncelleniyor...
2025-02-10 00:29:22.717 | INFO     | tumblr_bot:setup_client:94 - API bağlantısı başarılı! Kullanıcı: thrasherq
2025-02-10 00:29:22.719 | INFO     | tumblr_bot:load_cache:178 - Yerel cache yüklendi: 979 post
2025-02-10 00:29:22.722 | DEBUG    | __main__:check_api_keys:558 - API anahtarı bulundu: TUMBLR_CONSUMER_KEY
2025-02-10 00:29:22.723 | DEBUG    | __main__:check_api_keys:558 - API anahtarı bulundu: TUMBLR_CONSUMER_SECRET
2025-02-10 00:29:22.723 | DEBUG    | __main__:check_api_keys:558 - API anahtarı bulundu: TUMBLR_OAUTH_TOKEN
2025-02-10 00:29:22.724 | DEBUG    | __main__:check_api_keys:558 - API anahtarı bulundu: TUMBLR_OAUTH_SECRET
2025-02-10 00:29:23.170 | INFO     | tumblr_bot:update_liked_posts_cache:202 - Cache güncelleniyor...
2025-02-10 00:29:24.449 | INFO     | tumblr_bot:update_liked_posts_cache:214 - Toplam 13066 beğeni bulundu (Son 1000 beğeni yüklenecek)
2025-02-10 00:30:47.522 | INFO     | tumblr_bot:setup_client:94 - API bağlantısı başarılı! Kullanıcı: thrasherq
2025-02-10 00:30:47.524 | INFO     | tumblr_bot:load_cache:178 - Yerel cache yüklendi: 979 post
2025-02-10 00:30:47.824 | INFO     | tumblr_bot:update_liked_posts_cache:202 - Cache güncelleniyor...
2025-02-10 00:30:49.192 | INFO     | tumblr_bot:update_liked_posts_cache:214 - Toplam 13066 beğeni bulundu (Son 1000 beğeni yüklenecek)
2025-02-10 00:36:23.141 | INFO     | tumblr_bot:setup_client:94 - API bağlantısı başarılı! Kullanıcı: thrasherq
2025-02-10 00:36:23.143 | INFO     | tumblr_bot:load_cache:178 - Yerel cache yüklendi: 979 post
2025-02-10 00:36:23.330 | INFO     | tumblr_bot:update_liked_posts_cache:202 - Cache güncelleniyor...
2025-02-10 00:36:24.679 | INFO     | tumblr_bot:update_liked_posts_cache:214 - Toplam 13060 beğeni bulundu (Son 1000 beğeni yüklenecek)
2025-02-10 00:38:27.296 | INFO     | tumblr_bot:setup_client:94 - API bağlantısı başarılı! Kullanıcı: thrasherq
2025-02-10 00:38:27.298 | INFO     | tumblr_bot:load_cache:178 - Yerel cache yüklendi: 979 post
2025-02-10 00:38:27.300 | INFO     | tumblr_bot:update_liked_posts_cache:202 - Cache güncelleniyor...
2025-02-10 00:38:29.321 | INFO     | tumblr_bot:update_liked_posts_cache:214 - Toplam 13060 beğeni bulundu (Son 1000 beğeni yüklenecek)
2025-02-10 00:38:32.634 | INFO     | language_manager:set_language:42 - Dil değiştirildi: tr
2025-02-10 00:38:33.538 | INFO     | language_manager:set_language:42 - Language changed to: en
2025-02-10 00:38:36.898 | INFO     | language_manager:set_language:42 - Dil değiştirildi: tr
2025-02-10 00:38:37.746 | INFO     | language_manager:set_language:42 - Language changed to: en
2025-02-10 00:41:25.794 | INFO     | tumblr_bot:setup_client:94 - API bağlantısı başarılı! Kullanıcı: thrasherq
2025-02-10 00:41:25.807 | INFO     | tumblr_bot:load_cache:178 - Yerel cache yüklendi: 979 post
2025-02-10 00:41:26.006 | INFO     | tumblr_bot:update_liked_posts_cache:202 - Cache güncelleniyor...
2025-02-10 00:41:27.473 | INFO     | tumblr_bot:update_liked_posts_cache:214 - Toplam 13059 beğeni bulundu (Son 1000 beğeni yüklenecek)
2025-02-10 00:41:44.088 | INFO     | tumblr_bot:setup_client:94 - API bağlantısı başarılı! Kullanıcı: thrasherq
2025-02-10 00:41:44.091 | INFO     | tumblr_bot:load_cache:178 - Yerel cache yüklendi: 979 post
2025-02-10 00:41:44.095 | INFO     | tumblr_bot:update_liked_posts_cache:202 - Cache güncelleniyor...
2025-02-10 00:41:45.580 | INFO     | tumblr_bot:update_liked_posts_cache:214 - Toplam 13059 beğeni bulundu (Son 1000 beğeni yüklenecek)
2025-02-10 00:41:46.312 | INFO     | language_manager:set_language:42 - Dil değiştirildi: tr
2025-02-10 00:41:47.064 | INFO     | language_manager:set_language:42 - Language changed to: en
2025-02-10 00:54:40.501 | DEBUG    | tumblr_bot:setup_client:78 - consumer_key: 6v9zP...
2025-02-10 00:54:40.502 | DEBUG    | tumblr_bot:setup_client:78 - consumer_secret: o1HTP...
2025-02-10 00:54:40.502 | DEBUG    | tumblr_bot:setup_client:78 - oauth_token: TtNyM...
2025-02-10 00:54:40.503 | DEBUG    | tumblr_bot:setup_client:78 - oauth_secret: k1aKV...
2025-02-10 00:54:41.778 | INFO     | tumblr_bot:setup_client:91 - API connection successful! User: thrasherq
2025-02-10 00:54:41.788 | INFO     | tumblr_bot:load_cache:173 - Local cache loaded: 979 posts
2025-02-10 00:55:18.507 | DEBUG    | tumblr_bot:setup_client:78 - consumer_key: 6v9zP...
2025-02-10 00:55:18.508 | DEBUG    | tumblr_bot:setup_client:78 - consumer_secret: o1HTP...
2025-02-10 00:55:18.508 | DEBUG    | tumblr_bot:setup_client:78 - oauth_token: TtNyM...
2025-02-10 00:55:18.509 | DEBUG    | tumblr_bot:setup_client:78 - oauth_secret: k1aKV...
2025-02-10 00:55:19.711 | INFO     | tumblr_bot:setup_client:91 - API connection successful! User: thrasherq
2025-02-10 00:55:19.713 | INFO     | tumblr_bot:load_cache:173 - Local cache loaded: 979 posts
2025-02-10 00:55:19.998 | INFO     | tumblr_bot:update_liked_posts_cache:197 - Loading recent likes...
2025-02-10 00:55:21.282 | INFO     | tumblr_bot:update_liked_posts_cache:209 - Found 13051 total likes (Loading last 1000 likes)
2025-02-10 00:56:08.972 | DEBUG    | tumblr_bot:setup_client:78 - consumer_key: 6v9zP...
2025-02-10 00:56:08.973 | DEBUG    | tumblr_bot:setup_client:78 - consumer_secret: o1HTP...
2025-02-10 00:56:08.974 | DEBUG    | tumblr_bot:setup_client:78 - oauth_token: TtNyM...
2025-02-10 00:56:08.974 | DEBUG    | tumblr_bot:setup_client:78 - oauth_secret: k1aKV...
2025-02-10 00:56:10.325 | INFO     | tumblr_bot:setup_client:91 - API connection successful! User: thrasherq
2025-02-10 00:56:10.326 | INFO     | tumblr_bot:load_cache:173 - Local cache loaded: 979 posts
2025-02-10 00:56:10.627 | INFO     | tumblr_bot:update_liked_posts_cache:197 - Loading recent likes...
2025-02-10 00:56:12.000 | INFO     | tumblr_bot:update_liked_posts_cache:209 - Found 13051 total likes (Loading last 1000 likes)
2025-02-10 00:56:20.330 | DEBUG    | tumblr_bot:setup_client:78 - consumer_key: 6v9zP...
2025-02-10 00:56:20.330 | DEBUG    | tumblr_bot:setup_client:78 - consumer_key: 6v9zP...
2025-02-10 00:56:20.331 | DEBUG    | tumblr_bot:setup_client:78 - consumer_secret: o1HTP...
2025-02-10 00:56:20.331 | DEBUG    | tumblr_bot:setup_client:78 - consumer_secret: o1HTP...
2025-02-10 00:56:20.332 | DEBUG    | tumblr_bot:setup_client:78 - oauth_token: TtNyM...
2025-02-10 00:56:20.332 | DEBUG    | tumblr_bot:setup_client:78 - oauth_token: TtNyM...
2025-02-10 00:56:20.332 | DEBUG    | tumblr_bot:setup_client:78 - oauth_secret: k1aKV...
2025-02-10 00:56:20.332 | DEBUG    | tumblr_bot:setup_client:78 - oauth_secret: k1aKV...
2025-02-10 00:56:21.483 | INFO     | tumblr_bot:setup_client:91 - API connection successful! User: thrasherq
2025-02-10 00:56:21.483 | INFO     | tumblr_bot:setup_client:91 - API connection successful! User: thrasherq
2025-02-10 00:56:21.485 | INFO     | tumblr_bot:load_cache:173 - Local cache loaded: 979 posts
2025-02-10 00:56:21.485 | INFO     | tumblr_bot:load_cache:173 - Local cache loaded: 979 posts
2025-02-10 00:56:26.115 | DEBUG    | tumblr_bot:setup_client:78 - consumer_key: 6v9zP...
2025-02-10 00:56:26.115 | DEBUG    | tumblr_bot:setup_client:78 - consumer_key: 6v9zP...
2025-02-10 00:56:26.115 | DEBUG    | tumblr_bot:setup_client:78 - consumer_key: 6v9zP...
2025-02-10 00:56:26.116 | DEBUG    | tumblr_bot:setup_client:78 - consumer_secret: o1HTP...
2025-02-10 00:56:26.116 | DEBUG    | tumblr_bot:setup_client:78 - consumer_secret: o1HTP...
2025-02-10 00:56:26.116 | DEBUG    | tumblr_bot:setup_client:78 - consumer_secret: o1HTP...
2025-02-10 00:56:26.117 | DEBUG    | tumblr_bot:setup_client:78 - oauth_token: TtNyM...
2025-02-10 00:56:26.117 | DEBUG    | tumblr_bot:setup_client:78 - oauth_token: TtNyM...
2025-02-10 00:56:26.117 | DEBUG    | tumblr_bot:setup_client:78 - oauth_token: TtNyM...
2025-02-10 00:56:26.118 | DEBUG    | tumblr_bot:setup_client:78 - oauth_secret: k1aKV...
2025-02-10 00:56:26.118 | DEBUG    | tumblr_bot:setup_client:78 - oauth_secret: k1aKV...
2025-02-10 00:56:26.118 | DEBUG    | tumblr_bot:setup_client:78 - oauth_secret: k1aKV...
2025-02-10 00:56:27.287 | INFO     | tumblr_bot:setup_client:91 - API connection successful! User: thrasherq
2025-02-10 00:56:27.287 | INFO     | tumblr_bot:setup_client:91 - API connection successful! User: thrasherq
2025-02-10 00:56:27.287 | INFO     | tumblr_bot:setup_client:91 - API connection successful! User: thrasherq
2025-02-10 00:56:27.289 | INFO     | tumblr_bot:load_cache:173 - Local cache loaded: 979 posts
2025-02-10 00:56:27.289 | INFO     | tumblr_bot:load_cache:173 - Local cache loaded: 979 posts
2025-02-10 00:56:27.289 | INFO     | tumblr_bot:load_cache:173 - Local cache loaded: 979 posts
2025-02-10 00:57:22.033 | WARNING  | tumblr_bot:update_liked_posts_cache:231 - WARNING: You have 13051 likes, but only last 1000 could be loaded due to API limitation
2025-02-10 00:57:22.033 | WARNING  | tumblr_bot:update_liked_posts_cache:231 - WARNING: You have 13051 likes, but only last 1000 could be loaded due to API limitation
2025-02-10 00:57:22.033 | WARNING  | tumblr_bot:update_liked_posts_cache:231 - WARNING: You have 13051 likes, but only last 1000 could be loaded due to API limitation
2025-02-10 00:57:22.036 | INFO     | tumblr_bot:update_liked_posts_cache:232 - Previous likes will be checked from local cache
2025-02-10 00:57:22.036 | INFO     | tumblr_bot:update_liked_posts_cache:232 - Previous likes will be checked from local cache
2025-02-10 00:57:22.036 | INFO     | tumblr_bot:update_liked_posts_cache:232 - Previous likes will be checked from local cache
2025-02-10 00:57:22.038 | INFO     | tumblr_bot:update_liked_posts_cache:234 - Cache updated: 0 new posts added (Total: 979)
2025-02-10 00:57:22.038 | INFO     | tumblr_bot:update_liked_posts_cache:234 - Cache updated: 0 new posts added (Total: 979)
2025-02-10 00:57:22.038 | INFO     | tumblr_bot:update_liked_posts_cache:234 - Cache updated: 0 new posts added (Total: 979)
2025-02-10 00:57:22.041 | DEBUG    | tumblr_bot:save_cache:185 - Cache updated: 979 posts saved
2025-02-10 00:57:22.041 | DEBUG    | tumblr_bot:save_cache:185 - Cache updated: 979 posts saved
2025-02-10 00:57:22.041 | DEBUG    | tumblr_bot:save_cache:185 - Cache updated: 979 posts saved
2025-02-10 01:04:54.053 | DEBUG    | tumblr_bot:setup_client:78 - consumer_key: 6v9zP...
2025-02-10 01:04:54.054 | DEBUG    | tumblr_bot:setup_client:78 - consumer_secret: o1HTP...
2025-02-10 01:04:54.055 | DEBUG    | tumblr_bot:setup_client:78 - oauth_token: TtNyM...
2025-02-10 01:04:54.056 | DEBUG    | tumblr_bot:setup_client:78 - oauth_secret: k1aKV...
2025-02-10 01:04:55.272 | INFO     | tumblr_bot:setup_client:91 - API connection successful! User: thrasherq
2025-02-10 01:04:55.276 | INFO     | tumblr_bot:load_cache:173 - Local cache loaded: 980 posts
2025-02-10 01:06:13.769 | DEBUG    | tumblr_bot:setup_client:78 - consumer_key: 6v9zP...
2025-02-10 01:06:13.769 | DEBUG    | tumblr_bot:setup_client:78 - consumer_secret: o1HTP...
2025-02-10 01:06:13.770 | DEBUG    | tumblr_bot:setup_client:78 - oauth_token: TtNyM...
2025-02-10 01:06:13.770 | DEBUG    | tumblr_bot:setup_client:78 - oauth_secret: k1aKV...
2025-02-10 01:06:16.099 | INFO     | tumblr_bot:setup_client:91 - API connection successful! User: thrasherq
2025-02-10 01:06:16.114 | INFO     | tumblr_bot:load_cache:173 - Local cache loaded: 981 posts
2025-02-10 01:06:16.486 | INFO     | tumblr_bot:update_liked_posts_cache:197 - Loading recent likes...
2025-02-10 01:06:18.017 | INFO     | tumblr_bot:update_liked_posts_cache:209 - Found 13052 total likes (Loading last 1000 likes)
2025-02-10 01:08:26.420 | DEBUG    | tumblr_bot:setup_client:78 - consumer_key: 6v9zP...
2025-02-10 01:08:26.421 | DEBUG    | tumblr_bot:setup_client:78 - consumer_secret: o1HTP...
2025-02-10 01:08:26.421 | DEBUG    | tumblr_bot:setup_client:78 - oauth_token: TtNyM...
2025-02-10 01:08:26.422 | DEBUG    | tumblr_bot:setup_client:78 - oauth_secret: k1aKV...
2025-02-10 01:08:27.787 | INFO     | tumblr_bot:setup_client:91 - API connection successful! User: thrasherq
2025-02-10 01:08:27.808 | INFO     | tumblr_bot:load_cache:173 - Local cache loaded: 982 posts
2025-02-10 01:08:28.188 | INFO     | tumblr_bot:update_liked_posts_cache:197 - Loading recent likes...
2025-02-10 01:08:29.477 | INFO     | tumblr_bot:update_liked_posts_cache:209 - Found 13053 total likes (Loading last 1000 likes)
2025-02-10 01:11:15.267 | DEBUG    | tumblr_bot:setup_client:78 - consumer_key: 6v9zP...
2025-02-10 01:11:15.268 | DEBUG    | tumblr_bot:setup_client:78 - consumer_secret: o1HTP...
2025-02-10 01:11:15.268 | DEBUG    | tumblr_bot:setup_client:78 - oauth_token: TtNyM...
2025-02-10 01:11:15.269 | DEBUG    | tumblr_bot:setup_client:78 - oauth_secret: k1aKV...
2025-02-10 01:11:16.632 | INFO     | tumblr_bot:setup_client:91 - API connection successful! User: thrasherq
2025-02-10 01:11:16.652 | INFO     | tumblr_bot:load_cache:173 - Local cache loaded: 983 posts
2025-02-10 01:11:17.056 | INFO     | tumblr_bot:update_liked_posts_cache:197 - Loading recent likes...
2025-02-10 01:29:18.289 | DEBUG    | tumblr_bot:setup_client:78 - consumer_key: 6v9zP...
2025-02-10 01:29:18.290 | DEBUG    | tumblr_bot:setup_client:78 - consumer_secret: o1HTP...
2025-02-10 01:29:18.290 | DEBUG    | tumblr_bot:setup_client:78 - oauth_token: TtNyM...
2025-02-10 01:29:18.291 | DEBUG    | tumblr_bot:setup_client:78 - oauth_secret: k1aKV...
2025-02-10 01:29:19.481 | INFO     | tumblr_bot:setup_client:91 - API connection successful! User: thrasherq
2025-02-10 01:29:19.483 | INFO     | tumblr_bot:load_cache:173 - Local cache loaded: 988 posts
2025-02-10 01:29:19.788 | INFO     | tumblr_bot:update_liked_posts_cache:197 - Loading recent likes...
2025-02-10 01:29:21.660 | INFO     | tumblr_bot:update_liked_posts_cache:209 - Found 13057 total likes (Loading last 1000 likes)
2025-02-10 01:30:29.900 | WARNING  | tumblr_bot:update_liked_posts_cache:231 - WARNING: You have 13057 likes, but only last 1000 could be loaded due to API limitation
2025-02-10 01:30:29.901 | INFO     | tumblr_bot:update_liked_posts_cache:232 - Previous likes will be checked from local cache
2025-02-10 01:30:29.902 | INFO     | tumblr_bot:update_liked_posts_cache:234 - Cache updated: 0 new posts added (Total: 988)
2025-02-10 01:30:29.904 | DEBUG    | tumblr_bot:save_cache:185 - Cache updated: 988 posts saved
